[+] Containers:
 |- [+] Container: /Game/CONTINGUT_PROTOTIP/Nivells/Room_2
 |   |- [+] ActorDescs:
 |   |   |- Guid:077209A74535284B517B30ABDE919F1F BaseClass: NativeClass:/Script/Engine.StaticMeshActor Name:StaticMeshActor_UAID_6C02E046E71CA1F501_1269483224 Label:SM_Cube17 SpatiallyLoaded:1 Bounds:IsValid=true, Min=(X=475.000 Y=1825.000 Z=370.000), Max=(X=1200.000 Y=1850.000 Z=515.000) RuntimeGrid:None EditorOnly:0 RuntimeOnly:0 HLODRelevant:1 FolderPath:Block01 FolderGuid:5710F1034B6DC7FBD588718E283EB93C
 |   |   |- Guid:09C95D6442D1CDC870AF3BB785102257 BaseClass: NativeClass:/Script/Engine.StaticMeshActor Name:StaticMeshActor_UAID_6C02E046E71CA1F501_1205070221 Label:SM_Cube14 SpatiallyLoaded:1 Bounds:IsValid=true, Min=(X=475.000 Y=1685.000 Z=0.000), Max=(X=550.000 Y=1760.000 Z=320.000) RuntimeGrid:None EditorOnly:0 RuntimeOnly:0 HLODRelevant:1 FolderPath:Block01 FolderGuid:5710F1034B6DC7FBD588718E283EB93C
 |   |   |- Guid:0A8094694825148724CF28942ACDC8B3 BaseClass: NativeClass:/Script/Engine.StaticMeshActor Name:StaticMeshActor_UAID_6C02E046E71CA3F501_1995489594 Label:SM_Cube27 SpatiallyLoaded:1 Bounds:IsValid=true, Min=(X=1025.000 Y=1025.000 Z=370.000), Max=(X=1100.000 Y=1100.000 Z=690.000) RuntimeGrid:None EditorOnly:0 RuntimeOnly:0 HLODRelevant:1 FolderPath:Block01 FolderGuid:5710F1034B6DC7FBD588718E283EB93C
 |   |   |- Guid:114B84CB41154DAE04A98797348FCE98 BaseClass: NativeClass:/Script/NavigationSystem.RecastNavMesh Name:RecastNavMesh_UAID_88D7F67DE89883F501-Default Label:RecastNavMesh-Default SpatiallyLoaded:0 Bounds:IsValid=true, Min=(X=0.000 Y=0.000 Z=0.000), Max=(X=0.000 Y=0.000 Z=0.000) RuntimeGrid:None EditorOnly:0 RuntimeOnly:0 HLODRelevant:0
 |   |   |- Guid:13774B7D4FEA48EE7AE6C28D21EEBF9B BaseClass: NativeClass:/Script/Engine.StaticMeshActor Name:StaticMeshActor_9 Label:SM_Cube5 SpatiallyLoaded:1 Bounds:IsValid=true, Min=(X=-0.000 Y=100.000 Z=0.000), Max=(X=100.000 Y=3400.000 Z=750.000) RuntimeGrid:None EditorOnly:0 RuntimeOnly:0 HLODRelevant:1 FolderPath:Playground FolderGuid:6C02BB504B69D1F3D7A624B130C18E5B
 |   |   |- Guid:14A9225F44264514EF5625A5B7F7C211 BaseClass:/Game/CONTINGUT_PROTOTIP/Blueprints/EndLevel.EndLevel_C NativeClass:/Script/Engine.Actor Name:EndLevel_C_UAID_6C02E046E71C3EF601_1328503849 Label:EndLevel SpatiallyLoaded:1 Bounds:IsValid=true, Min=(X=-15.552 Y=2067.830 Z=-55.343), Max=(X=426.215 Y=2429.232 Z=497.328) RuntimeGrid:None EditorOnly:0 RuntimeOnly:0 HLODRelevant:0
 |   |   |- Guid:1568B98A49D17DA3B2DB3B86251CE6BB BaseClass:/Game/CONTINGUT_PROTOTIP/Blueprints/EnemySpawner.EnemySpawner_C NativeClass:/Script/Engine.Actor Name:EnemySpawner_C_UAID_6C02E046E71C3EF601_1361551850 Label:EnemySpawner SpatiallyLoaded:1 Bounds:IsValid=true, Min=(X=670.000 Y=650.000 Z=670.000), Max=(X=870.000 Y=850.000 Z=870.000) RuntimeGrid:None EditorOnly:0 RuntimeOnly:0 HLODRelevant:0
 |   |   |- Guid:15F7039549A8CBF1A458F5B5059866EA BaseClass: NativeClass:/Script/Engine.StaticMeshActor Name:StaticMeshActor_UAID_88D7F67DE89882F501_1546674759 Label:SM_Cube7_ROOF SpatiallyLoaded:1 Bounds:IsValid=true, Min=(X=0.000 Y=0.000 Z=750.000), Max=(X=1500.000 Y=3500.000 Z=800.000) RuntimeGrid:None EditorOnly:0 RuntimeOnly:0 HLODRelevant:1 FolderPath:Playground FolderGuid:6C02BB504B69D1F3D7A624B130C18E5B
 |   |   |- Guid:17A914C54E2BE355322F15A6FBD3A303 BaseClass: NativeClass:/Script/Engine.StaticMeshActor Name:StaticMeshActor_UAID_6C02E046E71C9DF501_1653907512 Label:SM_Ramp2 SpatiallyLoaded:1 Bounds:IsValid=true, Min=(X=800.000 Y=2400.000 Z=0.000), Max=(X=1200.000 Y=2600.000 Z=150.000) RuntimeGrid:None EditorOnly:0 RuntimeOnly:0 HLODRelevant:1 FolderPath:Block01 FolderGuid:5710F1034B6DC7FBD588718E283EB93C
 |   |   |- Guid:1922B1D943BB5ACE5AD660A2375C4AC2 BaseClass: NativeClass:/Script/Engine.StaticMeshActor Name:StaticMeshActor_UAID_6C02E046E71CA1F501_1545214226 Label:SM_Cube18 SpatiallyLoaded:1 Bounds:IsValid=true, Min=(X=1025.000 Y=2600.000 Z=0.000), Max=(X=1100.000 Y=2675.000 Z=320.000) RuntimeGrid:None EditorOnly:0 RuntimeOnly:0 HLODRelevant:1 FolderPath:Block01 FolderGuid:5710F1034B6DC7FBD588718E283EB93C
 |   |   |- Guid:1C2F6A5C48027D96CECD75B3C677A479 BaseClass: NativeClass:/Script/Engine.StaticMeshActor Name:StaticMeshActor_UAID_6C02E046E71CA3F501_1995490595 Label:SM_Cube28 SpatiallyLoaded:1 Bounds:IsValid=true, Min=(X=475.000 Y=1025.000 Z=370.000), Max=(X=550.000 Y=1100.000 Z=690.000) RuntimeGrid:None EditorOnly:0 RuntimeOnly:0 HLODRelevant:1 FolderPath:Block01 FolderGuid:5710F1034B6DC7FBD588718E283EB93C
 |   |   |- Guid:239745C4458B3695A9C955A48A3A327B BaseClass: NativeClass:/Script/Engine.SkyLight Name:SkyLight_0 Label:SkyLight SpatiallyLoaded:0 Bounds:IsValid=true, Min=(X=0.000 Y=0.000 Z=690.000), Max=(X=0.000 Y=0.000 Z=690.000) RuntimeGrid:None EditorOnly:0 RuntimeOnly:0 HLODRelevant:0 FolderPath:Lighting FolderGuid:0BA5F0A04EADB18E70D5B180D08FA34B
 |   |   |- Guid:30D07E194A50AF7B090691850332A283 BaseClass: NativeClass:/Script/Engine.StaticMeshActor Name:StaticMeshActor_UAID_6C02E046E71CA3F501_2007083596 Label:SM_Cube29 SpatiallyLoaded:1 Bounds:IsValid=true, Min=(X=1025.000 Y=315.000 Z=370.000), Max=(X=1100.000 Y=390.000 Z=690.000) RuntimeGrid:None EditorOnly:0 RuntimeOnly:0 HLODRelevant:1 FolderPath:Block01 FolderGuid:5710F1034B6DC7FBD588718E283EB93C
 |   |   |- Guid:338B469040B53DAFCB07BD931C6D45C3 BaseClass: NativeClass:/Script/Engine.StaticMeshActor Name:StaticMeshActor_UAID_6C02E046E71CA1F501_1221708223 Label:SM_Cube16 SpatiallyLoaded:1 Bounds:IsValid=true, Min=(X=475.000 Y=1025.000 Z=0.000), Max=(X=550.000 Y=1100.000 Z=320.000) RuntimeGrid:None EditorOnly:0 RuntimeOnly:0 HLODRelevant:1 FolderPath:Block01 FolderGuid:5710F1034B6DC7FBD588718E283EB93C
 |   |   |- Guid:3541AE624DEAA55BC7D99C912F4A5D7B BaseClass: NativeClass:/Script/Engine.ExponentialHeightFog Name:ExponentialHeightFog_0 Label:ExponentialHeightFog SpatiallyLoaded:0 Bounds:IsValid=true, Min=(X=-5600.000 Y=-50.000 Z=-6850.000), Max=(X=-5600.000 Y=-50.000 Z=-6850.000) RuntimeGrid:None EditorOnly:0 RuntimeOnly:0 HLODRelevant:0 FolderPath:Lighting FolderGuid:0BA5F0A04EADB18E70D5B180D08FA34B
 |   |   |- Guid:43E81810460DD4105F6822B930C98240 BaseClass: NativeClass:/Script/Engine.StaticMeshActor Name:StaticMeshActor_UAID_6C02E046E71C9DF501_1653909515 Label:SM_Ramp4 SpatiallyLoaded:1 Bounds:IsValid=true, Min=(X=1200.000 Y=2000.000 Z=150.000), Max=(X=1400.000 Y=2400.000 Z=370.000) RuntimeGrid:None EditorOnly:0 RuntimeOnly:0 HLODRelevant:1 FolderPath:Block01 FolderGuid:5710F1034B6DC7FBD588718E283EB93C
 |   |   |- Guid:4D650A30433563672CC4DA86E036DA6F BaseClass: NativeClass:/Script/Engine.StaticMeshActor Name:StaticMeshActor_UAID_6C02E046E71CA3F501_1689737586 Label:SM_Cube10 SpatiallyLoaded:1 Bounds:IsValid=true, Min=(X=100.000 Y=1300.000 Z=320.000), Max=(X=600.000 Y=1350.000 Z=750.000) RuntimeGrid:None EditorOnly:0 RuntimeOnly:0 HLODRelevant:1 FolderPath:Block01 FolderGuid:5710F1034B6DC7FBD588718E283EB93C
 |   |   |- Guid:4E5C2B1D425BEE54BD4916B60664B254 BaseClass: NativeClass:/Script/NavigationSystem.NavMeshBoundsVolume Name:NavMeshBoundsVolume_UAID_88D7F67DE89883F501_1764554935 Label:NavMeshBoundsVolume SpatiallyLoaded:0 Bounds:IsValid=true, Min=(X=-120.000 Y=-110.000 Z=-925.000), Max=(X=1680.000 Y=3590.000 Z=1525.000) RuntimeGrid:None EditorOnly:0 RuntimeOnly:0 HLODRelevant:0
 |   |   |- Guid:5053020A4CA33F6363783783766C1B62 BaseClass: NativeClass:/Script/Engine.StaticMeshActor Name:StaticMeshActor_UAID_6C02E046E71CA1F501_1647456227 Label:SM_Cube19 SpatiallyLoaded:1 Bounds:IsValid=true, Min=(X=450.000 Y=1825.000 Z=370.000), Max=(X=475.000 Y=2550.000 Z=515.000) RuntimeGrid:None EditorOnly:0 RuntimeOnly:0 HLODRelevant:1 FolderPath:Block01 FolderGuid:5710F1034B6DC7FBD588718E283EB93C
 |   |   |- Guid:54129AB14F29D5D85E597A90423DB91D BaseClass: NativeClass:/Script/Engine.StaticMeshActor Name:StaticMeshActor_UAID_6C02E046E71C9DF501_1653905511 Label:SM_Cube11 SpatiallyLoaded:1 Bounds:IsValid=true, Min=(X=1200.000 Y=1850.000 Z=0.000), Max=(X=1400.000 Y=2600.000 Z=150.000) RuntimeGrid:None EditorOnly:0 RuntimeOnly:0 HLODRelevant:1 FolderPath:Block01 FolderGuid:5710F1034B6DC7FBD588718E283EB93C
 |   |   |- Guid:551352AB4BB5646BC3CED488672E5434 BaseClass: NativeClass:/Script/Engine.PostProcessVolume Name:PostProcessVolume_0 Label:PostProcessVolume SpatiallyLoaded:0 Bounds:IsValid=true, Min=(X=0.000 Y=0.000 Z=400.000), Max=(X=200.000 Y=200.000 Z=600.000) RuntimeGrid:None EditorOnly:0 RuntimeOnly:0 HLODRelevant:0 FolderPath:Lighting FolderGuid:0BA5F0A04EADB18E70D5B180D08FA34B
 |   |   |- Guid:56BA830948243CEBD2BA5BBA5A72C8A6 BaseClass: NativeClass:/Script/Engine.StaticMeshActor Name:StaticMeshActor_UAID_6C02E046E71CA1F501_1980417231 Label:SM_Cube21 SpatiallyLoaded:1 Bounds:IsValid=true, Min=(X=100.000 Y=2665.000 Z=0.000), Max=(X=300.000 Y=3090.000 Z=320.000) RuntimeGrid:None EditorOnly:0 RuntimeOnly:0 HLODRelevant:1 FolderPath:Block01 FolderGuid:5710F1034B6DC7FBD588718E283EB93C
 |   |   |- Guid:59D1790D4413903454BCA09AF954BAE9 BaseClass: NativeClass:/Script/Engine.StaticMeshActor Name:StaticMeshActor_UAID_6C02E046E71CA1F501_1951140230 Label:SM_Cube20 SpatiallyLoaded:1 Bounds:IsValid=true, Min=(X=475.000 Y=2600.000 Z=0.000), Max=(X=550.000 Y=2675.000 Z=320.000) RuntimeGrid:None EditorOnly:0 RuntimeOnly:0 HLODRelevant:1 FolderPath:Block01 FolderGuid:5710F1034B6DC7FBD588718E283EB93C
 |   |   |- Guid:5D6840314D5BDD819B6AB78837104A64 BaseClass: NativeClass:/Script/Engine.StaticMeshActor Name:StaticMeshActor_UAID_6C02E046E71CA3F501_1713881587 Label:SM_Cube24 SpatiallyLoaded:1 Bounds:IsValid=true, Min=(X=900.000 Y=1300.000 Z=320.000), Max=(X=1400.000 Y=1350.000 Z=750.000) RuntimeGrid:None EditorOnly:0 RuntimeOnly:0 HLODRelevant:1 FolderPath:Block01 FolderGuid:5710F1034B6DC7FBD588718E283EB93C
 |   |   |- Guid:66CE25E84F19CF130C9008B5C0274227 BaseClass: NativeClass:/Script/Engine.StaticMeshActor Name:StaticMeshActor_10 Label:SM_Cube6 SpatiallyLoaded:1 Bounds:IsValid=true, Min=(X=1400.000 Y=100.000 Z=0.000), Max=(X=1500.000 Y=3400.000 Z=750.000) RuntimeGrid:None EditorOnly:0 RuntimeOnly:0 HLODRelevant:1 FolderPath:Playground FolderGuid:6C02BB504B69D1F3D7A624B130C18E5B
 |   |   |- Guid:6F886F19485BD0395BBEF4B6892E90A0 BaseClass: NativeClass:/Script/Engine.StaticMeshActor Name:StaticMeshActor_UAID_6C02E046E71CA2F501_1119040409 Label:SM_Cube23 SpatiallyLoaded:1 Bounds:IsValid=true, Min=(X=1150.000 Y=2600.000 Z=0.000), Max=(X=1400.000 Y=2715.000 Z=200.000) RuntimeGrid:None EditorOnly:0 RuntimeOnly:0 HLODRelevant:1 FolderPath:Block01 FolderGuid:5710F1034B6DC7FBD588718E283EB93C
 |   |   |- Guid:72E0986B43647198AEA0F8BECA0F4244 BaseClass: NativeClass:/Script/Engine.StaticMeshActor Name:StaticMeshActor_UAID_6C02E046E71CA0F501_1474366044 Label:SM_Cube13 SpatiallyLoaded:1 Bounds:IsValid=true, Min=(X=1025.000 Y=1685.000 Z=0.000), Max=(X=1100.000 Y=1760.000 Z=320.000) RuntimeGrid:None EditorOnly:0 RuntimeOnly:0 HLODRelevant:1 FolderPath:Block01 FolderGuid:5710F1034B6DC7FBD588718E283EB93C
 |   |   |- Guid:733772AE450B787DDDBDDAB7B53879A2 BaseClass: NativeClass:/Script/Engine.StaticMeshActor Name:StaticMeshActor_UAID_6C02E046E71C9DF501_1653908514 Label:SM_Cube12 SpatiallyLoaded:1 Bounds:IsValid=true, Min=(X=1200.000 Y=1850.000 Z=150.000), Max=(X=1400.000 Y=2000.000 Z=370.000) RuntimeGrid:None EditorOnly:0 RuntimeOnly:0 HLODRelevant:1 FolderPath:Block01 FolderGuid:5710F1034B6DC7FBD588718E283EB93C
 |   |   |- Guid:74BC97734916BB0B23AC54B879D4A7F0 BaseClass:/Game/CONTINGUT_PROTOTIP/Blueprints/EnemySpawner.EnemySpawner_C NativeClass:/Script/Engine.Actor Name:EnemySpawner_C_UAID_6C02E046E71C3EF601_1394375852 Label:EnemySpawner3 SpatiallyLoaded:1 Bounds:IsValid=true, Min=(X=1210.000 Y=170.000 Z=300.000), Max=(X=1410.000 Y=370.000 Z=500.000) RuntimeGrid:None EditorOnly:0 RuntimeOnly:0 HLODRelevant:0
 |   |   |- Guid:7513C698438DABF329DDB9B4321EB159 BaseClass: NativeClass:/Script/Engine.TextRenderActor Name:TextRenderActor_1 Label:TextRenderActor SpatiallyLoaded:1 Bounds:IsValid=true, Min=(X=-0.100 Y=1100.000 Z=65.013), Max=(X=-0.100 Y=2363.461 Z=215.013) RuntimeGrid:None EditorOnly:0 RuntimeOnly:0 HLODRelevant:0
 |   |   |- Guid:7E297AAE43B2F16541BFD8B43B2A287D BaseClass: NativeClass:/Script/Engine.DirectionalLight Name:DirectionalLight_1 Label:DirectionalLight SpatiallyLoaded:0 Bounds:IsValid=true, Min=(X=-4398046511104.000 Y=-4398046511104.000 Z=-4398046511104.000), Max=(X=4398046511104.000 Y=4398046511104.000 Z=4398046511104.000) RuntimeGrid:None EditorOnly:0 RuntimeOnly:0 HLODRelevant:0 FolderPath:Lighting FolderGuid:0BA5F0A04EADB18E70D5B180D08FA34B
 |   |   |- Guid:84FE5AE140EA53FFCE5B3FA9B89B72F1 BaseClass: NativeClass:/Script/Engine.StaticMeshActor Name:StaticMeshActor_3 Label:SM_Cube2 SpatiallyLoaded:1 Bounds:IsValid=true, Min=(X=0.000 Y=0.000 Z=0.000), Max=(X=1500.000 Y=100.000 Z=750.000) RuntimeGrid:None EditorOnly:0 RuntimeOnly:0 HLODRelevant:1 FolderPath:Playground FolderGuid:6C02BB504B69D1F3D7A624B130C18E5B
 |   |   |- Guid:AC720899481C524C8CBDFF82C38A6DEB BaseClass: NativeClass:/Script/Engine.StaticMeshActor Name:StaticMeshActor_UAID_6C02E046E71CA3F501_1779264588 Label:SM_Cube25 SpatiallyLoaded:1 Bounds:IsValid=true, Min=(X=600.000 Y=1300.000 Z=650.000), Max=(X=900.000 Y=1350.000 Z=750.000) RuntimeGrid:None EditorOnly:0 RuntimeOnly:0 HLODRelevant:1 FolderPath:Block01 FolderGuid:5710F1034B6DC7FBD588718E283EB93C
 |   |   |- Guid:B2EF48834CC85649EE28C3993DAFB9FC BaseClass: NativeClass:/Script/Engine.StaticMeshActor Name:StaticMeshActor_UAID_A4AE111137DC5EFB00_2001720423 Label:SM_SkySphere SpatiallyLoaded:0 Bounds:IsValid=true, Min=(X=-1638400.000 Y=-1638400.000 Z=-1638400.000), Max=(X=1638400.000 Y=1638400.000 Z=1638400.000) RuntimeGrid:None EditorOnly:0 RuntimeOnly:0 HLODRelevant:1 FolderPath:Lighting FolderGuid:0BA5F0A04EADB18E70D5B180D08FA34B
 |   |   |- Guid:B56F35F5497168D173B5E992DDA5917F BaseClass: NativeClass:/Script/Engine.StaticMeshActor Name:StaticMeshActor_UAID_6C02E046E71CA1F501_1221707222 Label:SM_Cube15 SpatiallyLoaded:1 Bounds:IsValid=true, Min=(X=1025.000 Y=1025.000 Z=0.000), Max=(X=1100.000 Y=1100.000 Z=320.000) RuntimeGrid:None EditorOnly:0 RuntimeOnly:0 HLODRelevant:1 FolderPath:Block01 FolderGuid:5710F1034B6DC7FBD588718E283EB93C
 |   |   |- Guid:B7FCC8B54A5AA7F5F84A2286F91182F8 BaseClass:/Game/FirstPerson/Blueprints/BP_Pickup_Rifle.BP_Pickup_Rifle_C NativeClass:/Script/Engine.Actor Name:BP_Rifle_C_1 Label:BP_Pickup_Rifle SpatiallyLoaded:1 Bounds:IsValid=true, Min=(X=948.000 Y=818.000 Z=64.000), Max=(X=1012.000 Y=907.440 Z=128.000) RuntimeGrid:None EditorOnly:0 RuntimeOnly:0 HLODRelevant:0
 |   |   |- Guid:BBBE7F3947E1258EB11C67B7508383E9 BaseClass: NativeClass:/Script/Engine.PlayerStart Name:PlayerStart_0 Label:PlayerStart SpatiallyLoaded:0 Bounds:IsValid=true, Min=(X=350.000 Y=2200.000 Z=0.013), Max=(X=430.000 Y=2280.000 Z=184.013) RuntimeGrid:None EditorOnly:0 RuntimeOnly:0 HLODRelevant:0
 |   |   |- Guid:BC4340C240B0E2D3406F5B960A7BF4EE BaseClass: NativeClass:/Script/Engine.SkyAtmosphere Name:SkyAtmosphere_0 Label:SkyAtmosphere SpatiallyLoaded:0 Bounds:IsValid=true, Min=(X=0.000 Y=0.000 Z=1020.000), Max=(X=0.000 Y=0.000 Z=1020.000) RuntimeGrid:None EditorOnly:0 RuntimeOnly:0 HLODRelevant:0 FolderPath:Lighting FolderGuid:0BA5F0A04EADB18E70D5B180D08FA34B
 |   |   |- Guid:BCC6FD04448617E0EF2199AF3B94916A BaseClass: NativeClass:/Script/Engine.StaticMeshActor Name:StaticMeshActor_UAID_6C02E046E71CA1F501_1691943228 Label:SM_Cube8 SpatiallyLoaded:1 Bounds:IsValid=true, Min=(X=100.000 Y=2550.000 Z=320.000), Max=(X=1400.000 Y=2600.000 Z=750.000) RuntimeGrid:None EditorOnly:0 RuntimeOnly:0 HLODRelevant:1 FolderPath:Block01 FolderGuid:5710F1034B6DC7FBD588718E283EB93C
 |   |   |- Guid:BF00DA864B2B0FEF8F35AF8801701172 BaseClass: NativeClass:/Script/Engine.SpotLight Name:SpotLight_UAID_6C02E046E71C3DF601_2112381671 Label:SpotLight2 SpatiallyLoaded:1 Bounds:IsValid=true, Min=(X=155.949 Y=775.949 Z=-674.398), Max=(X=1484.051 Y=2104.051 Z=653.704) RuntimeGrid:None EditorOnly:0 RuntimeOnly:0 HLODRelevant:0
 |   |   |- Guid:BF6C48474129B59A91601C97F632E679 BaseClass: NativeClass:/Script/Engine.SpotLight Name:SpotLight_UAID_6C02E046E71CA4F501_1204752774 Label:SpotLight SpatiallyLoaded:1 Bounds:IsValid=true, Min=(X=204.918 Y=1524.918 Z=-630.164), Max=(X=1595.082 Y=2915.082 Z=760.000) RuntimeGrid:None EditorOnly:0 RuntimeOnly:0 HLODRelevant:0
 |   |   |- Guid:C0869A574F36A9FB76008BBCFB3E21BE BaseClass: NativeClass:/Script/Engine.VolumetricCloud Name:VolumetricCloud_0 Label:VolumetricCloud SpatiallyLoaded:0 Bounds:IsValid=true, Min=(X=0.000 Y=0.000 Z=820.000), Max=(X=0.000 Y=0.000 Z=820.000) RuntimeGrid:None EditorOnly:0 RuntimeOnly:0 HLODRelevant:0 FolderPath:Lighting FolderGuid:0BA5F0A04EADB18E70D5B180D08FA34B
 |   |   |- Guid:C3061F4D454A4B4078284681B63475E2 BaseClass: NativeClass:/Script/Engine.StaticMeshActor Name:StaticMeshActor_UAID_6C02E046E71CA1F501_1781504229 Label:SM_Cube9 SpatiallyLoaded:1 Bounds:IsValid=true, Min=(X=100.000 Y=2600.000 Z=320.000), Max=(X=1400.000 Y=3400.000 Z=370.000) RuntimeGrid:None EditorOnly:0 RuntimeOnly:0 HLODRelevant:1 FolderPath:Block01 FolderGuid:5710F1034B6DC7FBD588718E283EB93C
 |   |   |- Guid:CF5E79FA457E2F7C476C11BEEFE0A13F BaseClass:/Game/CONTINGUT_PROTOTIP/Blueprints/EnemySpawner.EnemySpawner_C NativeClass:/Script/Engine.Actor Name:EnemySpawner_C_UAID_6C02E046E71C3EF601_1390170851 Label:EnemySpawner2 SpatiallyLoaded:1 Bounds:IsValid=true, Min=(X=140.000 Y=170.000 Z=300.000), Max=(X=340.000 Y=370.000 Z=500.000) RuntimeGrid:None EditorOnly:0 RuntimeOnly:0 HLODRelevant:0
 |   |   |- Guid:D91E27D74269AFFF8A295B8875B93F8E BaseClass: NativeClass:/Script/Engine.WorldDataLayers Name:WorldDataLayers Label:WorldDataLayers SpatiallyLoaded:0 Bounds:IsValid=true, Min=(X=0.000 Y=0.000 Z=0.000), Max=(X=0.000 Y=0.000 Z=0.000) RuntimeGrid:None EditorOnly:0 RuntimeOnly:0 HLODRelevant:0
 |   |   |- Guid:DBE1E8DE4B09B06E4AA53BB8A8B72DAB BaseClass: NativeClass:/Script/Engine.SpotLight Name:SpotLight_UAID_6C02E046E71C3EF601_1188446848 Label:SpotLight3 SpatiallyLoaded:1 Bounds:IsValid=true, Min=(X=105.949 Y=405.949 Z=-284.398), Max=(X=1434.051 Y=1734.051 Z=1043.704) RuntimeGrid:None EditorOnly:0 RuntimeOnly:0 HLODRelevant:0
 |   |   |- Guid:DF752F174DE9055117379191FCAFDF78 BaseClass: NativeClass:/Script/Engine.StaticMeshActor Name:StaticMeshActor_UAID_6C02E046E71C9DF501_1653908513 Label:SM_Cube4 SpatiallyLoaded:1 Bounds:IsValid=true, Min=(X=100.000 Y=100.000 Z=320.000), Max=(X=1400.000 Y=1850.000 Z=370.000) RuntimeGrid:None EditorOnly:0 RuntimeOnly:0 HLODRelevant:1 FolderPath:Block01 FolderGuid:5710F1034B6DC7FBD588718E283EB93C
 |   |   |- Guid:E294672548510EB58BD78FA2356AB259 BaseClass: NativeClass:/Script/Engine.StaticMeshActor Name:StaticMeshActor_UAID_6C02E046E71CA1F501_2069817232 Label:SM_Cube22 SpatiallyLoaded:1 Bounds:IsValid=true, Min=(X=1130.000 Y=3110.000 Z=0.000), Max=(X=1380.000 Y=3385.000 Z=175.000) RuntimeGrid:None EditorOnly:0 RuntimeOnly:0 HLODRelevant:1 FolderPath:Block01 FolderGuid:5710F1034B6DC7FBD588718E283EB93C
 |   |   |- Guid:EAF34B8740BCCF73CA59388D2BFD3741 BaseClass: NativeClass:/Script/Engine.StaticMeshActor Name:StaticMeshActor_UAID_6C02E046E71CA1F501_1484052225 Label:SM_Cube7 SpatiallyLoaded:1 Bounds:IsValid=true, Min=(X=100.000 Y=1850.000 Z=320.000), Max=(X=475.000 Y=2550.000 Z=370.000) RuntimeGrid:None EditorOnly:0 RuntimeOnly:0 HLODRelevant:1 FolderPath:Block01 FolderGuid:5710F1034B6DC7FBD588718E283EB93C
 |   |   |- Guid:EBDD681B415A94A774A7989C50E66EE9 BaseClass: NativeClass:/Script/Engine.StaticMeshActor Name:StaticMeshActor_0 Label:SM_Cube SpatiallyLoaded:1 Bounds:IsValid=true, Min=(X=0.000 Y=0.000 Z=-50.000), Max=(X=1500.000 Y=3500.000 Z=0.000) RuntimeGrid:None EditorOnly:0 RuntimeOnly:0 HLODRelevant:1 FolderPath:Playground FolderGuid:6C02BB504B69D1F3D7A624B130C18E5B
 |   |   |- Guid:F2458A0147B91B5AA65C28A4FB1B49CA BaseClass: NativeClass:/Script/Engine.StaticMeshActor Name:StaticMeshActor_UAID_6C02E046E71CA3F501_2007084597 Label:SM_Cube30 SpatiallyLoaded:1 Bounds:IsValid=true, Min=(X=475.000 Y=315.000 Z=370.000), Max=(X=550.000 Y=390.000 Z=690.000) RuntimeGrid:None EditorOnly:0 RuntimeOnly:0 HLODRelevant:1 FolderPath:Block01 FolderGuid:5710F1034B6DC7FBD588718E283EB93C
 |   |   |- Guid:F843075646E373FBAB0E2B81DDD559C5 BaseClass: NativeClass:/Script/Engine.StaticMeshActor Name:StaticMeshActor_4 Label:SM_Cube3 SpatiallyLoaded:1 Bounds:IsValid=true, Min=(X=0.000 Y=3400.000 Z=0.000), Max=(X=1500.000 Y=3500.000 Z=750.000) RuntimeGrid:None EditorOnly:0 RuntimeOnly:0 HLODRelevant:1 FolderPath:Playground FolderGuid:6C02BB504B69D1F3D7A624B130C18E5B
 |   |- [+] Clusters:
 |   |   |- [+] [  0]
 |   |   |   |- Guid:5D6840314D5BDD819B6AB78837104A64 BaseClass: NativeClass:/Script/Engine.StaticMeshActor Name:StaticMeshActor_UAID_6C02E046E71CA3F501_1713881587 Label:SM_Cube24 SpatiallyLoaded:1 Bounds:IsValid=true, Min=(X=900.000 Y=1300.000 Z=320.000), Max=(X=1400.000 Y=1350.000 Z=750.000) RuntimeGrid:None EditorOnly:0 RuntimeOnly:0 HLODRelevant:1 FolderPath:Block01 FolderGuid:5710F1034B6DC7FBD588718E283EB93C
 |   |   |- [+] [  1]
 |   |   |   |- Guid:30D07E194A50AF7B090691850332A283 BaseClass: NativeClass:/Script/Engine.StaticMeshActor Name:StaticMeshActor_UAID_6C02E046E71CA3F501_2007083596 Label:SM_Cube29 SpatiallyLoaded:1 Bounds:IsValid=true, Min=(X=1025.000 Y=315.000 Z=370.000), Max=(X=1100.000 Y=390.000 Z=690.000) RuntimeGrid:None EditorOnly:0 RuntimeOnly:0 HLODRelevant:1 FolderPath:Block01 FolderGuid:5710F1034B6DC7FBD588718E283EB93C
 |   |   |- [+] [  2]
 |   |   |   |- Guid:EAF34B8740BCCF73CA59388D2BFD3741 BaseClass: NativeClass:/Script/Engine.StaticMeshActor Name:StaticMeshActor_UAID_6C02E046E71CA1F501_1484052225 Label:SM_Cube7 SpatiallyLoaded:1 Bounds:IsValid=true, Min=(X=100.000 Y=1850.000 Z=320.000), Max=(X=475.000 Y=2550.000 Z=370.000) RuntimeGrid:None EditorOnly:0 RuntimeOnly:0 HLODRelevant:1 FolderPath:Block01 FolderGuid:5710F1034B6DC7FBD588718E283EB93C
 |   |   |- [+] [  3]
 |   |   |   |- Guid:15F7039549A8CBF1A458F5B5059866EA BaseClass: NativeClass:/Script/Engine.StaticMeshActor Name:StaticMeshActor_UAID_88D7F67DE89882F501_1546674759 Label:SM_Cube7_ROOF SpatiallyLoaded:1 Bounds:IsValid=true, Min=(X=0.000 Y=0.000 Z=750.000), Max=(X=1500.000 Y=3500.000 Z=800.000) RuntimeGrid:None EditorOnly:0 RuntimeOnly:0 HLODRelevant:1 FolderPath:Playground FolderGuid:6C02BB504B69D1F3D7A624B130C18E5B
 |   |   |- [+] [  4]
 |   |   |   |- Guid:733772AE450B787DDDBDDAB7B53879A2 BaseClass: NativeClass:/Script/Engine.StaticMeshActor Name:StaticMeshActor_UAID_6C02E046E71C9DF501_1653908514 Label:SM_Cube12 SpatiallyLoaded:1 Bounds:IsValid=true, Min=(X=1200.000 Y=1850.000 Z=150.000), Max=(X=1400.000 Y=2000.000 Z=370.000) RuntimeGrid:None EditorOnly:0 RuntimeOnly:0 HLODRelevant:1 FolderPath:Block01 FolderGuid:5710F1034B6DC7FBD588718E283EB93C
 |   |   |- [+] [  5]
 |   |   |   |- Guid:B56F35F5497168D173B5E992DDA5917F BaseClass: NativeClass:/Script/Engine.StaticMeshActor Name:StaticMeshActor_UAID_6C02E046E71CA1F501_1221707222 Label:SM_Cube15 SpatiallyLoaded:1 Bounds:IsValid=true, Min=(X=1025.000 Y=1025.000 Z=0.000), Max=(X=1100.000 Y=1100.000 Z=320.000) RuntimeGrid:None EditorOnly:0 RuntimeOnly:0 HLODRelevant:1 FolderPath:Block01 FolderGuid:5710F1034B6DC7FBD588718E283EB93C
 |   |   |- [+] [  6]
 |   |   |   |- Guid:54129AB14F29D5D85E597A90423DB91D BaseClass: NativeClass:/Script/Engine.StaticMeshActor Name:StaticMeshActor_UAID_6C02E046E71C9DF501_1653905511 Label:SM_Cube11 SpatiallyLoaded:1 Bounds:IsValid=true, Min=(X=1200.000 Y=1850.000 Z=0.000), Max=(X=1400.000 Y=2600.000 Z=150.000) RuntimeGrid:None EditorOnly:0 RuntimeOnly:0 HLODRelevant:1 FolderPath:Block01 FolderGuid:5710F1034B6DC7FBD588718E283EB93C
 |   |   |- [+] [  7]
 |   |   |   |- Guid:F2458A0147B91B5AA65C28A4FB1B49CA BaseClass: NativeClass:/Script/Engine.StaticMeshActor Name:StaticMeshActor_UAID_6C02E046E71CA3F501_2007084597 Label:SM_Cube30 SpatiallyLoaded:1 Bounds:IsValid=true, Min=(X=475.000 Y=315.000 Z=370.000), Max=(X=550.000 Y=390.000 Z=690.000) RuntimeGrid:None EditorOnly:0 RuntimeOnly:0 HLODRelevant:1 FolderPath:Block01 FolderGuid:5710F1034B6DC7FBD588718E283EB93C
 |   |   |- [+] [  8]
 |   |   |   |- Guid:AC720899481C524C8CBDFF82C38A6DEB BaseClass: NativeClass:/Script/Engine.StaticMeshActor Name:StaticMeshActor_UAID_6C02E046E71CA3F501_1779264588 Label:SM_Cube25 SpatiallyLoaded:1 Bounds:IsValid=true, Min=(X=600.000 Y=1300.000 Z=650.000), Max=(X=900.000 Y=1350.000 Z=750.000) RuntimeGrid:None EditorOnly:0 RuntimeOnly:0 HLODRelevant:1 FolderPath:Block01 FolderGuid:5710F1034B6DC7FBD588718E283EB93C
 |   |   |- [+] [  9]
 |   |   |   |- Guid:7E297AAE43B2F16541BFD8B43B2A287D BaseClass: NativeClass:/Script/Engine.DirectionalLight Name:DirectionalLight_1 Label:DirectionalLight SpatiallyLoaded:0 Bounds:IsValid=true, Min=(X=-4398046511104.000 Y=-4398046511104.000 Z=-4398046511104.000), Max=(X=4398046511104.000 Y=4398046511104.000 Z=4398046511104.000) RuntimeGrid:None EditorOnly:0 RuntimeOnly:0 HLODRelevant:0 FolderPath:Lighting FolderGuid:0BA5F0A04EADB18E70D5B180D08FA34B
 |   |   |- [+] [ 10]
 |   |   |   |- Guid:C0869A574F36A9FB76008BBCFB3E21BE BaseClass: NativeClass:/Script/Engine.VolumetricCloud Name:VolumetricCloud_0 Label:VolumetricCloud SpatiallyLoaded:0 Bounds:IsValid=true, Min=(X=0.000 Y=0.000 Z=820.000), Max=(X=0.000 Y=0.000 Z=820.000) RuntimeGrid:None EditorOnly:0 RuntimeOnly:0 HLODRelevant:0 FolderPath:Lighting FolderGuid:0BA5F0A04EADB18E70D5B180D08FA34B
 |   |   |- [+] [ 11]
 |   |   |   |- Guid:7513C698438DABF329DDB9B4321EB159 BaseClass: NativeClass:/Script/Engine.TextRenderActor Name:TextRenderActor_1 Label:TextRenderActor SpatiallyLoaded:1 Bounds:IsValid=true, Min=(X=-0.100 Y=1100.000 Z=65.013), Max=(X=-0.100 Y=2363.461 Z=215.013) RuntimeGrid:None EditorOnly:0 RuntimeOnly:0 HLODRelevant:0
 |   |   |- [+] [ 12]
 |   |   |   |- Guid:59D1790D4413903454BCA09AF954BAE9 BaseClass: NativeClass:/Script/Engine.StaticMeshActor Name:StaticMeshActor_UAID_6C02E046E71CA1F501_1951140230 Label:SM_Cube20 SpatiallyLoaded:1 Bounds:IsValid=true, Min=(X=475.000 Y=2600.000 Z=0.000), Max=(X=550.000 Y=2675.000 Z=320.000) RuntimeGrid:None EditorOnly:0 RuntimeOnly:0 HLODRelevant:1 FolderPath:Block01 FolderGuid:5710F1034B6DC7FBD588718E283EB93C
 |   |   |- [+] [ 13]
 |   |   |   |- Guid:1922B1D943BB5ACE5AD660A2375C4AC2 BaseClass: NativeClass:/Script/Engine.StaticMeshActor Name:StaticMeshActor_UAID_6C02E046E71CA1F501_1545214226 Label:SM_Cube18 SpatiallyLoaded:1 Bounds:IsValid=true, Min=(X=1025.000 Y=2600.000 Z=0.000), Max=(X=1100.000 Y=2675.000 Z=320.000) RuntimeGrid:None EditorOnly:0 RuntimeOnly:0 HLODRelevant:1 FolderPath:Block01 FolderGuid:5710F1034B6DC7FBD588718E283EB93C
 |   |   |- [+] [ 14]
 |   |   |   |- Guid:338B469040B53DAFCB07BD931C6D45C3 BaseClass: NativeClass:/Script/Engine.StaticMeshActor Name:StaticMeshActor_UAID_6C02E046E71CA1F501_1221708223 Label:SM_Cube16 SpatiallyLoaded:1 Bounds:IsValid=true, Min=(X=475.000 Y=1025.000 Z=0.000), Max=(X=550.000 Y=1100.000 Z=320.000) RuntimeGrid:None EditorOnly:0 RuntimeOnly:0 HLODRelevant:1 FolderPath:Block01 FolderGuid:5710F1034B6DC7FBD588718E283EB93C
 |   |   |- [+] [ 15]
 |   |   |   |- Guid:09C95D6442D1CDC870AF3BB785102257 BaseClass: NativeClass:/Script/Engine.StaticMeshActor Name:StaticMeshActor_UAID_6C02E046E71CA1F501_1205070221 Label:SM_Cube14 SpatiallyLoaded:1 Bounds:IsValid=true, Min=(X=475.000 Y=1685.000 Z=0.000), Max=(X=550.000 Y=1760.000 Z=320.000) RuntimeGrid:None EditorOnly:0 RuntimeOnly:0 HLODRelevant:1 FolderPath:Block01 FolderGuid:5710F1034B6DC7FBD588718E283EB93C
 |   |   |- [+] [ 16]
 |   |   |   |- Guid:6F886F19485BD0395BBEF4B6892E90A0 BaseClass: NativeClass:/Script/Engine.StaticMeshActor Name:StaticMeshActor_UAID_6C02E046E71CA2F501_1119040409 Label:SM_Cube23 SpatiallyLoaded:1 Bounds:IsValid=true, Min=(X=1150.000 Y=2600.000 Z=0.000), Max=(X=1400.000 Y=2715.000 Z=200.000) RuntimeGrid:None EditorOnly:0 RuntimeOnly:0 HLODRelevant:1 FolderPath:Block01 FolderGuid:5710F1034B6DC7FBD588718E283EB93C
 |   |   |- [+] [ 17]
 |   |   |   |- Guid:F843075646E373FBAB0E2B81DDD559C5 BaseClass: NativeClass:/Script/Engine.StaticMeshActor Name:StaticMeshActor_4 Label:SM_Cube3 SpatiallyLoaded:1 Bounds:IsValid=true, Min=(X=0.000 Y=3400.000 Z=0.000), Max=(X=1500.000 Y=3500.000 Z=750.000) RuntimeGrid:None EditorOnly:0 RuntimeOnly:0 HLODRelevant:1 FolderPath:Playground FolderGuid:6C02BB504B69D1F3D7A624B130C18E5B
 |   |   |- [+] [ 18]
 |   |   |   |- Guid:BC4340C240B0E2D3406F5B960A7BF4EE BaseClass: NativeClass:/Script/Engine.SkyAtmosphere Name:SkyAtmosphere_0 Label:SkyAtmosphere SpatiallyLoaded:0 Bounds:IsValid=true, Min=(X=0.000 Y=0.000 Z=1020.000), Max=(X=0.000 Y=0.000 Z=1020.000) RuntimeGrid:None EditorOnly:0 RuntimeOnly:0 HLODRelevant:0 FolderPath:Lighting FolderGuid:0BA5F0A04EADB18E70D5B180D08FA34B
 |   |   |- [+] [ 19]
 |   |   |   |- Guid:5053020A4CA33F6363783783766C1B62 BaseClass: NativeClass:/Script/Engine.StaticMeshActor Name:StaticMeshActor_UAID_6C02E046E71CA1F501_1647456227 Label:SM_Cube19 SpatiallyLoaded:1 Bounds:IsValid=true, Min=(X=450.000 Y=1825.000 Z=370.000), Max=(X=475.000 Y=2550.000 Z=515.000) RuntimeGrid:None EditorOnly:0 RuntimeOnly:0 HLODRelevant:1 FolderPath:Block01 FolderGuid:5710F1034B6DC7FBD588718E283EB93C
 |   |   |- [+] [ 20]
 |   |   |   |- Guid:239745C4458B3695A9C955A48A3A327B BaseClass: NativeClass:/Script/Engine.SkyLight Name:SkyLight_0 Label:SkyLight SpatiallyLoaded:0 Bounds:IsValid=true, Min=(X=0.000 Y=0.000 Z=690.000), Max=(X=0.000 Y=0.000 Z=690.000) RuntimeGrid:None EditorOnly:0 RuntimeOnly:0 HLODRelevant:0 FolderPath:Lighting FolderGuid:0BA5F0A04EADB18E70D5B180D08FA34B
 |   |   |- [+] [ 21]
 |   |   |   |- Guid:B2EF48834CC85649EE28C3993DAFB9FC BaseClass: NativeClass:/Script/Engine.StaticMeshActor Name:StaticMeshActor_UAID_A4AE111137DC5EFB00_2001720423 Label:SM_SkySphere SpatiallyLoaded:0 Bounds:IsValid=true, Min=(X=-1638400.000 Y=-1638400.000 Z=-1638400.000), Max=(X=1638400.000 Y=1638400.000 Z=1638400.000) RuntimeGrid:None EditorOnly:0 RuntimeOnly:0 HLODRelevant:1 FolderPath:Lighting FolderGuid:0BA5F0A04EADB18E70D5B180D08FA34B
 |   |   |- [+] [ 22]
 |   |   |   |- Guid:BBBE7F3947E1258EB11C67B7508383E9 BaseClass: NativeClass:/Script/Engine.PlayerStart Name:PlayerStart_0 Label:PlayerStart SpatiallyLoaded:0 Bounds:IsValid=true, Min=(X=350.000 Y=2200.000 Z=0.013), Max=(X=430.000 Y=2280.000 Z=184.013) RuntimeGrid:None EditorOnly:0 RuntimeOnly:0 HLODRelevant:0
 |   |   |- [+] [ 23]
 |   |   |   |- Guid:551352AB4BB5646BC3CED488672E5434 BaseClass: NativeClass:/Script/Engine.PostProcessVolume Name:PostProcessVolume_0 Label:PostProcessVolume SpatiallyLoaded:0 Bounds:IsValid=true, Min=(X=0.000 Y=0.000 Z=400.000), Max=(X=200.000 Y=200.000 Z=600.000) RuntimeGrid:None EditorOnly:0 RuntimeOnly:0 HLODRelevant:0 FolderPath:Lighting FolderGuid:0BA5F0A04EADB18E70D5B180D08FA34B
 |   |   |- [+] [ 24]
 |   |   |   |- Guid:72E0986B43647198AEA0F8BECA0F4244 BaseClass: NativeClass:/Script/Engine.StaticMeshActor Name:StaticMeshActor_UAID_6C02E046E71CA0F501_1474366044 Label:SM_Cube13 SpatiallyLoaded:1 Bounds:IsValid=true, Min=(X=1025.000 Y=1685.000 Z=0.000), Max=(X=1100.000 Y=1760.000 Z=320.000) RuntimeGrid:None EditorOnly:0 RuntimeOnly:0 HLODRelevant:1 FolderPath:Block01 FolderGuid:5710F1034B6DC7FBD588718E283EB93C
 |   |   |- [+] [ 25]
 |   |   |   |- Guid:17A914C54E2BE355322F15A6FBD3A303 BaseClass: NativeClass:/Script/Engine.StaticMeshActor Name:StaticMeshActor_UAID_6C02E046E71C9DF501_1653907512 Label:SM_Ramp2 SpatiallyLoaded:1 Bounds:IsValid=true, Min=(X=800.000 Y=2400.000 Z=0.000), Max=(X=1200.000 Y=2600.000 Z=150.000) RuntimeGrid:None EditorOnly:0 RuntimeOnly:0 HLODRelevant:1 FolderPath:Block01 FolderGuid:5710F1034B6DC7FBD588718E283EB93C
 |   |   |- [+] [ 26]
 |   |   |   |- Guid:D91E27D74269AFFF8A295B8875B93F8E BaseClass: NativeClass:/Script/Engine.WorldDataLayers Name:WorldDataLayers Label:WorldDataLayers SpatiallyLoaded:0 Bounds:IsValid=true, Min=(X=0.000 Y=0.000 Z=0.000), Max=(X=0.000 Y=0.000 Z=0.000) RuntimeGrid:None EditorOnly:0 RuntimeOnly:0 HLODRelevant:0
 |   |   |- [+] [ 27]
 |   |   |   |- Guid:B7FCC8B54A5AA7F5F84A2286F91182F8 BaseClass:/Game/FirstPerson/Blueprints/BP_Pickup_Rifle.BP_Pickup_Rifle_C NativeClass:/Script/Engine.Actor Name:BP_Rifle_C_1 Label:BP_Pickup_Rifle SpatiallyLoaded:1 Bounds:IsValid=true, Min=(X=948.000 Y=818.000 Z=64.000), Max=(X=1012.000 Y=907.440 Z=128.000) RuntimeGrid:None EditorOnly:0 RuntimeOnly:0 HLODRelevant:0
 |   |   |- [+] [ 28]
 |   |   |   |- Guid:BCC6FD04448617E0EF2199AF3B94916A BaseClass: NativeClass:/Script/Engine.StaticMeshActor Name:StaticMeshActor_UAID_6C02E046E71CA1F501_1691943228 Label:SM_Cube8 SpatiallyLoaded:1 Bounds:IsValid=true, Min=(X=100.000 Y=2550.000 Z=320.000), Max=(X=1400.000 Y=2600.000 Z=750.000) RuntimeGrid:None EditorOnly:0 RuntimeOnly:0 HLODRelevant:1 FolderPath:Block01 FolderGuid:5710F1034B6DC7FBD588718E283EB93C
 |   |   |- [+] [ 29]
 |   |   |   |- Guid:56BA830948243CEBD2BA5BBA5A72C8A6 BaseClass: NativeClass:/Script/Engine.StaticMeshActor Name:StaticMeshActor_UAID_6C02E046E71CA1F501_1980417231 Label:SM_Cube21 SpatiallyLoaded:1 Bounds:IsValid=true, Min=(X=100.000 Y=2665.000 Z=0.000), Max=(X=300.000 Y=3090.000 Z=320.000) RuntimeGrid:None EditorOnly:0 RuntimeOnly:0 HLODRelevant:1 FolderPath:Block01 FolderGuid:5710F1034B6DC7FBD588718E283EB93C
 |   |   |- [+] [ 30]
 |   |   |   |- Guid:43E81810460DD4105F6822B930C98240 BaseClass: NativeClass:/Script/Engine.StaticMeshActor Name:StaticMeshActor_UAID_6C02E046E71C9DF501_1653909515 Label:SM_Ramp4 SpatiallyLoaded:1 Bounds:IsValid=true, Min=(X=1200.000 Y=2000.000 Z=150.000), Max=(X=1400.000 Y=2400.000 Z=370.000) RuntimeGrid:None EditorOnly:0 RuntimeOnly:0 HLODRelevant:1 FolderPath:Block01 FolderGuid:5710F1034B6DC7FBD588718E283EB93C
 |   |   |- [+] [ 31]
 |   |   |   |- Guid:C3061F4D454A4B4078284681B63475E2 BaseClass: NativeClass:/Script/Engine.StaticMeshActor Name:StaticMeshActor_UAID_6C02E046E71CA1F501_1781504229 Label:SM_Cube9 SpatiallyLoaded:1 Bounds:IsValid=true, Min=(X=100.000 Y=2600.000 Z=320.000), Max=(X=1400.000 Y=3400.000 Z=370.000) RuntimeGrid:None EditorOnly:0 RuntimeOnly:0 HLODRelevant:1 FolderPath:Block01 FolderGuid:5710F1034B6DC7FBD588718E283EB93C
 |   |   |- [+] [ 32]
 |   |   |   |- Guid:4E5C2B1D425BEE54BD4916B60664B254 BaseClass: NativeClass:/Script/NavigationSystem.NavMeshBoundsVolume Name:NavMeshBoundsVolume_UAID_88D7F67DE89883F501_1764554935 Label:NavMeshBoundsVolume SpatiallyLoaded:0 Bounds:IsValid=true, Min=(X=-120.000 Y=-110.000 Z=-925.000), Max=(X=1680.000 Y=3590.000 Z=1525.000) RuntimeGrid:None EditorOnly:0 RuntimeOnly:0 HLODRelevant:0
 |   |   |- [+] [ 33]
 |   |   |   |- Guid:077209A74535284B517B30ABDE919F1F BaseClass: NativeClass:/Script/Engine.StaticMeshActor Name:StaticMeshActor_UAID_6C02E046E71CA1F501_1269483224 Label:SM_Cube17 SpatiallyLoaded:1 Bounds:IsValid=true, Min=(X=475.000 Y=1825.000 Z=370.000), Max=(X=1200.000 Y=1850.000 Z=515.000) RuntimeGrid:None EditorOnly:0 RuntimeOnly:0 HLODRelevant:1 FolderPath:Block01 FolderGuid:5710F1034B6DC7FBD588718E283EB93C
 |   |   |- [+] [ 34]
 |   |   |   |- Guid:BF6C48474129B59A91601C97F632E679 BaseClass: NativeClass:/Script/Engine.SpotLight Name:SpotLight_UAID_6C02E046E71CA4F501_1204752774 Label:SpotLight SpatiallyLoaded:1 Bounds:IsValid=true, Min=(X=204.918 Y=1524.918 Z=-630.164), Max=(X=1595.082 Y=2915.082 Z=760.000) RuntimeGrid:None EditorOnly:0 RuntimeOnly:0 HLODRelevant:0
 |   |   |- [+] [ 35]
 |   |   |   |- Guid:66CE25E84F19CF130C9008B5C0274227 BaseClass: NativeClass:/Script/Engine.StaticMeshActor Name:StaticMeshActor_10 Label:SM_Cube6 SpatiallyLoaded:1 Bounds:IsValid=true, Min=(X=1400.000 Y=100.000 Z=0.000), Max=(X=1500.000 Y=3400.000 Z=750.000) RuntimeGrid:None EditorOnly:0 RuntimeOnly:0 HLODRelevant:1 FolderPath:Playground FolderGuid:6C02BB504B69D1F3D7A624B130C18E5B
 |   |   |- [+] [ 36]
 |   |   |   |- Guid:4D650A30433563672CC4DA86E036DA6F BaseClass: NativeClass:/Script/Engine.StaticMeshActor Name:StaticMeshActor_UAID_6C02E046E71CA3F501_1689737586 Label:SM_Cube10 SpatiallyLoaded:1 Bounds:IsValid=true, Min=(X=100.000 Y=1300.000 Z=320.000), Max=(X=600.000 Y=1350.000 Z=750.000) RuntimeGrid:None EditorOnly:0 RuntimeOnly:0 HLODRelevant:1 FolderPath:Block01 FolderGuid:5710F1034B6DC7FBD588718E283EB93C
 |   |   |- [+] [ 37]
 |   |   |   |- Guid:84FE5AE140EA53FFCE5B3FA9B89B72F1 BaseClass: NativeClass:/Script/Engine.StaticMeshActor Name:StaticMeshActor_3 Label:SM_Cube2 SpatiallyLoaded:1 Bounds:IsValid=true, Min=(X=0.000 Y=0.000 Z=0.000), Max=(X=1500.000 Y=100.000 Z=750.000) RuntimeGrid:None EditorOnly:0 RuntimeOnly:0 HLODRelevant:1 FolderPath:Playground FolderGuid:6C02BB504B69D1F3D7A624B130C18E5B
 |   |   |- [+] [ 38]
 |   |   |   |- Guid:1C2F6A5C48027D96CECD75B3C677A479 BaseClass: NativeClass:/Script/Engine.StaticMeshActor Name:StaticMeshActor_UAID_6C02E046E71CA3F501_1995490595 Label:SM_Cube28 SpatiallyLoaded:1 Bounds:IsValid=true, Min=(X=475.000 Y=1025.000 Z=370.000), Max=(X=550.000 Y=1100.000 Z=690.000) RuntimeGrid:None EditorOnly:0 RuntimeOnly:0 HLODRelevant:1 FolderPath:Block01 FolderGuid:5710F1034B6DC7FBD588718E283EB93C
 |   |   |- [+] [ 39]
 |   |   |   |- Guid:3541AE624DEAA55BC7D99C912F4A5D7B BaseClass: NativeClass:/Script/Engine.ExponentialHeightFog Name:ExponentialHeightFog_0 Label:ExponentialHeightFog SpatiallyLoaded:0 Bounds:IsValid=true, Min=(X=-5600.000 Y=-50.000 Z=-6850.000), Max=(X=-5600.000 Y=-50.000 Z=-6850.000) RuntimeGrid:None EditorOnly:0 RuntimeOnly:0 HLODRelevant:0 FolderPath:Lighting FolderGuid:0BA5F0A04EADB18E70D5B180D08FA34B
 |   |   |- [+] [ 40]
 |   |   |   |- Guid:EBDD681B415A94A774A7989C50E66EE9 BaseClass: NativeClass:/Script/Engine.StaticMeshActor Name:StaticMeshActor_0 Label:SM_Cube SpatiallyLoaded:1 Bounds:IsValid=true, Min=(X=0.000 Y=0.000 Z=-50.000), Max=(X=1500.000 Y=3500.000 Z=0.000) RuntimeGrid:None EditorOnly:0 RuntimeOnly:0 HLODRelevant:1 FolderPath:Playground FolderGuid:6C02BB504B69D1F3D7A624B130C18E5B
 |   |   |- [+] [ 41]
 |   |   |   |- Guid:DF752F174DE9055117379191FCAFDF78 BaseClass: NativeClass:/Script/Engine.StaticMeshActor Name:StaticMeshActor_UAID_6C02E046E71C9DF501_1653908513 Label:SM_Cube4 SpatiallyLoaded:1 Bounds:IsValid=true, Min=(X=100.000 Y=100.000 Z=320.000), Max=(X=1400.000 Y=1850.000 Z=370.000) RuntimeGrid:None EditorOnly:0 RuntimeOnly:0 HLODRelevant:1 FolderPath:Block01 FolderGuid:5710F1034B6DC7FBD588718E283EB93C
 |   |   |- [+] [ 42]
 |   |   |   |- Guid:E294672548510EB58BD78FA2356AB259 BaseClass: NativeClass:/Script/Engine.StaticMeshActor Name:StaticMeshActor_UAID_6C02E046E71CA1F501_2069817232 Label:SM_Cube22 SpatiallyLoaded:1 Bounds:IsValid=true, Min=(X=1130.000 Y=3110.000 Z=0.000), Max=(X=1380.000 Y=3385.000 Z=175.000) RuntimeGrid:None EditorOnly:0 RuntimeOnly:0 HLODRelevant:1 FolderPath:Block01 FolderGuid:5710F1034B6DC7FBD588718E283EB93C
 |   |   |- [+] [ 43]
 |   |   |   |- Guid:13774B7D4FEA48EE7AE6C28D21EEBF9B BaseClass: NativeClass:/Script/Engine.StaticMeshActor Name:StaticMeshActor_9 Label:SM_Cube5 SpatiallyLoaded:1 Bounds:IsValid=true, Min=(X=-0.000 Y=100.000 Z=0.000), Max=(X=100.000 Y=3400.000 Z=750.000) RuntimeGrid:None EditorOnly:0 RuntimeOnly:0 HLODRelevant:1 FolderPath:Playground FolderGuid:6C02BB504B69D1F3D7A624B130C18E5B
 |   |   |- [+] [ 44]
 |   |   |   |- Guid:0A8094694825148724CF28942ACDC8B3 BaseClass: NativeClass:/Script/Engine.StaticMeshActor Name:StaticMeshActor_UAID_6C02E046E71CA3F501_1995489594 Label:SM_Cube27 SpatiallyLoaded:1 Bounds:IsValid=true, Min=(X=1025.000 Y=1025.000 Z=370.000), Max=(X=1100.000 Y=1100.000 Z=690.000) RuntimeGrid:None EditorOnly:0 RuntimeOnly:0 HLODRelevant:1 FolderPath:Block01 FolderGuid:5710F1034B6DC7FBD588718E283EB93C
 |   |   |- [+] [ 45]
 |   |   |   |- Guid:114B84CB41154DAE04A98797348FCE98 BaseClass: NativeClass:/Script/NavigationSystem.RecastNavMesh Name:RecastNavMesh_UAID_88D7F67DE89883F501-Default Label:RecastNavMesh-Default SpatiallyLoaded:0 Bounds:IsValid=true, Min=(X=0.000 Y=0.000 Z=0.000), Max=(X=0.000 Y=0.000 Z=0.000) RuntimeGrid:None EditorOnly:0 RuntimeOnly:0 HLODRelevant:0
 |   |   |- [+] [ 46]
 |   |   |   |- Guid:BF00DA864B2B0FEF8F35AF8801701172 BaseClass: NativeClass:/Script/Engine.SpotLight Name:SpotLight_UAID_6C02E046E71C3DF601_2112381671 Label:SpotLight2 SpatiallyLoaded:1 Bounds:IsValid=true, Min=(X=155.949 Y=775.949 Z=-674.398), Max=(X=1484.051 Y=2104.051 Z=653.704) RuntimeGrid:None EditorOnly:0 RuntimeOnly:0 HLODRelevant:0
 |   |   |- [+] [ 47]
 |   |   |   |- Guid:DBE1E8DE4B09B06E4AA53BB8A8B72DAB BaseClass: NativeClass:/Script/Engine.SpotLight Name:SpotLight_UAID_6C02E046E71C3EF601_1188446848 Label:SpotLight3 SpatiallyLoaded:1 Bounds:IsValid=true, Min=(X=105.949 Y=405.949 Z=-284.398), Max=(X=1434.051 Y=1734.051 Z=1043.704) RuntimeGrid:None EditorOnly:0 RuntimeOnly:0 HLODRelevant:0
 |   |   |- [+] [ 48]
 |   |   |   |- Guid:14A9225F44264514EF5625A5B7F7C211 BaseClass:/Game/CONTINGUT_PROTOTIP/Blueprints/EndLevel.EndLevel_C NativeClass:/Script/Engine.Actor Name:EndLevel_C_UAID_6C02E046E71C3EF601_1328503849 Label:EndLevel SpatiallyLoaded:1 Bounds:IsValid=true, Min=(X=-15.552 Y=2067.830 Z=-55.343), Max=(X=426.215 Y=2429.232 Z=497.328) RuntimeGrid:None EditorOnly:0 RuntimeOnly:0 HLODRelevant:0
 |   |   |- [+] [ 49]
 |   |   |   |- Guid:1568B98A49D17DA3B2DB3B86251CE6BB BaseClass:/Game/CONTINGUT_PROTOTIP/Blueprints/EnemySpawner.EnemySpawner_C NativeClass:/Script/Engine.Actor Name:EnemySpawner_C_UAID_6C02E046E71C3EF601_1361551850 Label:EnemySpawner SpatiallyLoaded:1 Bounds:IsValid=true, Min=(X=670.000 Y=650.000 Z=670.000), Max=(X=870.000 Y=850.000 Z=870.000) RuntimeGrid:None EditorOnly:0 RuntimeOnly:0 HLODRelevant:0
 |   |   |- [+] [ 50]
 |   |   |   |- Guid:CF5E79FA457E2F7C476C11BEEFE0A13F BaseClass:/Game/CONTINGUT_PROTOTIP/Blueprints/EnemySpawner.EnemySpawner_C NativeClass:/Script/Engine.Actor Name:EnemySpawner_C_UAID_6C02E046E71C3EF601_1390170851 Label:EnemySpawner2 SpatiallyLoaded:1 Bounds:IsValid=true, Min=(X=140.000 Y=170.000 Z=300.000), Max=(X=340.000 Y=370.000 Z=500.000) RuntimeGrid:None EditorOnly:0 RuntimeOnly:0 HLODRelevant:0
 |   |   |- [+] [ 51]
 |   |   |   |- Guid:74BC97734916BB0B23AC54B879D4A7F0 BaseClass:/Game/CONTINGUT_PROTOTIP/Blueprints/EnemySpawner.EnemySpawner_C NativeClass:/Script/Engine.Actor Name:EnemySpawner_C_UAID_6C02E046E71C3EF601_1394375852 Label:EnemySpawner3 SpatiallyLoaded:1 Bounds:IsValid=true, Min=(X=1210.000 Y=170.000 Z=300.000), Max=(X=1410.000 Y=370.000 Z=500.000) RuntimeGrid:None EditorOnly:0 RuntimeOnly:0 HLODRelevant:0
 |- ContainerInstances:
 |- [+] MainContainer:
 |   |-        ID: 0x0000000000000000
 |   |-    Bounds: IsValid=false, Min=(X=0.000 Y=0.000 Z=0.000), Max=(X=0.000 Y=0.000 Z=0.000)
 |   |- Transform: 0.000000,0.000000,0.000000|0.000000,0.000000,-0.000000|1.000000,1.000000,1.000000
 |   |- Container: /Game/CONTINGUT_PROTOTIP/Nivells/Room_2
----------------------------------------------------------------------------------------------------------------
Room_2 - Persistent Level
----------------------------------------------------------------------------------------------------------------
Always loaded Actor Count: 61 

----------------------------------------------------------------------------------------------------------------
Room_2 - Runtime Spatial Hash - Streaming Grid - MainGrid
----------------------------------------------------------------------------------------------------------------
            Origin: X=0.000 Y=0.000 Z=0.000
         Cell Size: 12800
      World Bounds: IsValid=false, Min=(X=0.000 Y=0.000 Z=0.000), Max=(X=0.000 Y=0.000 Z=0.000)
     Loading Range: 25600.00
Block Slow Loading: No
 ClientOnlyVisible: No

[+] Grid Levels: 1
 |- Level  0: Cell Count    0 | Cell Size   12800 | Actor Count    0 (0.0%)

[+] Content of Grid Level 0

