[+] Containers:
 |- [+] Container: /Game/CONTINGUT_PROTOTIP/Nivells/Room_3
 |   |- [+] ActorDescs:
 |   |   |- Guid:02BD4FA94A48B07466328F8512F92280 BaseClass:/Game/CONTINGUT_PROTOTIP/Blueprints/EnemySpawner.EnemySpawner_C NativeClass:/Script/Engine.Actor Name:EnemySpawner_C_UAID_88D7F67DE89829F601_1382452159 Label:EnemySpawner5 SpatiallyLoaded:1 Bounds:IsValid=true, Min=(X=1350.000 Y=3030.000 Z=750.000), Max=(X=1550.000 Y=3230.000 Z=950.000) RuntimeGrid:None EditorOnly:0 RuntimeOnly:0 HLODRelevant:0
 |   |   |- Guid:078193864475AD6CB59B99B453E6F181 BaseClass:/Game/FirstPerson/Blueprints/BP_Pickup_Rifle.BP_Pickup_Rifle_C NativeClass:/Script/Engine.Actor Name:BP_Rifle_C_1 Label:BP_Pickup_Rifle SpatiallyLoaded:1 Bounds:IsValid=true, Min=(X=738.000 Y=818.000 Z=64.000), Max=(X=802.000 Y=907.440 Z=128.000) RuntimeGrid:None EditorOnly:0 RuntimeOnly:0 HLODRelevant:0
 |   |   |- Guid:0E5A52D5435B464670E52E93C8C339DD BaseClass: NativeClass:/Script/Engine.VolumetricCloud Name:VolumetricCloud_0 Label:VolumetricCloud SpatiallyLoaded:0 Bounds:IsValid=true, Min=(X=0.000 Y=0.000 Z=820.000), Max=(X=0.000 Y=0.000 Z=820.000) RuntimeGrid:None EditorOnly:0 RuntimeOnly:0 HLODRelevant:0 FolderPath:Lighting FolderGuid:0BA5F0A04EADB18E70D5B180D08FA34B
 |   |   |- Guid:276E010545A4C247902999B0D5734809 BaseClass: NativeClass:/Script/Engine.StaticMeshActor Name:StaticMeshActor_UAID_6C02E046E71CA4F501_1987692745 Label:SM_Cube13 SpatiallyLoaded:1 Bounds:IsValid=true, Min=(X=560.000 Y=2350.000 Z=0.000), Max=(X=960.000 Y=3400.000 Z=425.000) RuntimeGrid:None EditorOnly:0 RuntimeOnly:0 HLODRelevant:1 FolderPath:Block01 FolderGuid:5710F1034B6DC7FBD588718E283EB93C
 |   |   |- Guid:2C09227B477F6EF73A694E922700CA27 BaseClass: NativeClass:/Script/Engine.StaticMeshActor Name:StaticMeshActor_UAID_6C02E046E71CA4F501_2021603746 Label:SM_Cube14 SpatiallyLoaded:1 Bounds:IsValid=true, Min=(X=2050.000 Y=2350.000 Z=0.000), Max=(X=2450.000 Y=3400.000 Z=425.000) RuntimeGrid:None EditorOnly:0 RuntimeOnly:0 HLODRelevant:1 FolderPath:Block01 FolderGuid:5710F1034B6DC7FBD588718E283EB93C
 |   |   |- Guid:341DFFA347F59268295DE38906B584B0 BaseClass: NativeClass:/Script/Engine.StaticMeshActor Name:StaticMeshActor_UAID_A4AE111137DC5EFB00_2001720423 Label:SM_SkySphere SpatiallyLoaded:0 Bounds:IsValid=true, Min=(X=-1603584.000 Y=-1638400.000 Z=-1638400.000), Max=(X=1603584.000 Y=1638400.000 Z=1638400.000) RuntimeGrid:None EditorOnly:0 RuntimeOnly:0 HLODRelevant:1 FolderPath:Lighting FolderGuid:0BA5F0A04EADB18E70D5B180D08FA34B
 |   |   |- Guid:471F68C746F78ABFB429C5BAF4F050A2 BaseClass: NativeClass:/Script/Engine.StaticMeshActor Name:StaticMeshActor_4 Label:SM_Cube3 SpatiallyLoaded:1 Bounds:IsValid=true, Min=(X=460.000 Y=3400.000 Z=0.000), Max=(X=2550.000 Y=3500.000 Z=825.000) RuntimeGrid:None EditorOnly:0 RuntimeOnly:0 HLODRelevant:1 FolderPath:Playground FolderGuid:6C02BB504B69D1F3D7A624B130C18E5B
 |   |   |- Guid:5065523F4FA049A30E98BCACF8A7D323 BaseClass:/Game/CONTINGUT_PROTOTIP/Blueprints/EndLevel.EndLevel_C NativeClass:/Script/Engine.Actor Name:EndLevel_C_UAID_88D7F67DE89829F601_1316120154 Label:EndLevel SpatiallyLoaded:1 Bounds:IsValid=true, Min=(X=1340.768 Y=4.448 Z=154.657), Max=(X=1702.170 Y=446.215 Z=707.328) RuntimeGrid:None EditorOnly:0 RuntimeOnly:0 HLODRelevant:0
 |   |   |- Guid:53CD2A124DE55202763EF48241597D64 BaseClass: NativeClass:/Script/Engine.SkyLight Name:SkyLight_0 Label:SkyLight SpatiallyLoaded:0 Bounds:IsValid=true, Min=(X=0.000 Y=0.000 Z=690.000), Max=(X=0.000 Y=0.000 Z=690.000) RuntimeGrid:None EditorOnly:0 RuntimeOnly:0 HLODRelevant:0 FolderPath:Lighting FolderGuid:0BA5F0A04EADB18E70D5B180D08FA34B
 |   |   |- Guid:7078DF954EF53BE3AC927E9DDC3C9F15 BaseClass:/Game/CONTINGUT_PROTOTIP/Blueprints/EnemySpawner.EnemySpawner_C NativeClass:/Script/Engine.Actor Name:EnemySpawner_C_UAID_88D7F67DE89829F601_1342558156 Label:EnemySpawner2 SpatiallyLoaded:1 Bounds:IsValid=true, Min=(X=790.000 Y=360.000 Z=410.000), Max=(X=990.000 Y=560.000 Z=610.000) RuntimeGrid:None EditorOnly:0 RuntimeOnly:0 HLODRelevant:0
 |   |   |- Guid:83503BFA41E6CFB16EE16AA1B65C032C BaseClass: NativeClass:/Script/NavigationSystem.RecastNavMesh Name:RecastNavMesh_UAID_88D7F67DE89883F501-Default Label:RecastNavMesh-Default SpatiallyLoaded:0 Bounds:IsValid=true, Min=(X=0.000 Y=0.000 Z=0.000), Max=(X=0.000 Y=0.000 Z=0.000) RuntimeGrid:None EditorOnly:0 RuntimeOnly:0 HLODRelevant:0
 |   |   |- Guid:86FAFD484E8289043D3CAA86C5D34CED BaseClass: NativeClass:/Script/Engine.WorldDataLayers Name:WorldDataLayers Label:WorldDataLayers SpatiallyLoaded:0 Bounds:IsValid=true, Min=(X=0.000 Y=0.000 Z=0.000), Max=(X=0.000 Y=0.000 Z=0.000) RuntimeGrid:None EditorOnly:0 RuntimeOnly:0 HLODRelevant:0
 |   |   |- Guid:8CA311E840D9C9D79FD357A44A2E1C50 BaseClass: NativeClass:/Script/Engine.ExponentialHeightFog Name:ExponentialHeightFog_0 Label:ExponentialHeightFog SpatiallyLoaded:0 Bounds:IsValid=true, Min=(X=-5600.000 Y=-50.000 Z=-6850.000), Max=(X=-5600.000 Y=-50.000 Z=-6850.000) RuntimeGrid:None EditorOnly:0 RuntimeOnly:0 HLODRelevant:0 FolderPath:Lighting FolderGuid:0BA5F0A04EADB18E70D5B180D08FA34B
 |   |   |- Guid:8EECEF794A5556654B2ACE8C716EDA98 BaseClass: NativeClass:/Script/Engine.PlayerStart Name:PlayerStart_0 Label:PlayerStart SpatiallyLoaded:0 Bounds:IsValid=true, Min=(X=1490.000 Y=530.000 Z=220.013), Max=(X=1570.000 Y=610.000 Z=404.013) RuntimeGrid:None EditorOnly:0 RuntimeOnly:0 HLODRelevant:0
 |   |   |- Guid:9399341C4B69EFF5A9CFD697B620BC8F BaseClass: NativeClass:/Script/Engine.SkyAtmosphere Name:SkyAtmosphere_0 Label:SkyAtmosphere SpatiallyLoaded:0 Bounds:IsValid=true, Min=(X=0.000 Y=0.000 Z=1020.000), Max=(X=0.000 Y=0.000 Z=1020.000) RuntimeGrid:None EditorOnly:0 RuntimeOnly:0 HLODRelevant:0 FolderPath:Lighting FolderGuid:0BA5F0A04EADB18E70D5B180D08FA34B
 |   |   |- Guid:9D2DDEC84E4F76207FE9159054DD968B BaseClass: NativeClass:/Script/Engine.StaticMeshActor Name:StaticMeshActor_3 Label:SM_Cube2 SpatiallyLoaded:1 Bounds:IsValid=true, Min=(X=460.000 Y=0.000 Z=0.000), Max=(X=2550.000 Y=100.000 Z=825.000) RuntimeGrid:None EditorOnly:0 RuntimeOnly:0 HLODRelevant:1 FolderPath:Playground FolderGuid:6C02BB504B69D1F3D7A624B130C18E5B
 |   |   |- Guid:9DA6F16C4379DC2ECA88E1A1FCF8988E BaseClass: NativeClass:/Script/Engine.PostProcessVolume Name:PostProcessVolume_0 Label:PostProcessVolume SpatiallyLoaded:0 Bounds:IsValid=true, Min=(X=0.000 Y=0.000 Z=400.000), Max=(X=200.000 Y=200.000 Z=600.000) RuntimeGrid:None EditorOnly:0 RuntimeOnly:0 HLODRelevant:0 FolderPath:Lighting FolderGuid:0BA5F0A04EADB18E70D5B180D08FA34B
 |   |   |- Guid:A89E05754D6ACA8952C250A87C01049A BaseClass: NativeClass:/Script/Engine.TextRenderActor Name:TextRenderActor_1 Label:TextRenderActor SpatiallyLoaded:1 Bounds:IsValid=true, Min=(X=-0.100 Y=1100.000 Z=65.013), Max=(X=-0.100 Y=2363.461 Z=215.013) RuntimeGrid:None EditorOnly:0 RuntimeOnly:0 HLODRelevant:0
 |   |   |- Guid:ABA1263E458082CC441578B98402A0DB BaseClass:/Game/CONTINGUT_PROTOTIP/Blueprints/EnemySpawner.EnemySpawner_C NativeClass:/Script/Engine.Actor Name:EnemySpawner_C_UAID_88D7F67DE89829F601_1338447155 Label:EnemySpawner SpatiallyLoaded:1 Bounds:IsValid=true, Min=(X=2120.000 Y=360.000 Z=410.000), Max=(X=2320.000 Y=560.000 Z=610.000) RuntimeGrid:None EditorOnly:0 RuntimeOnly:0 HLODRelevant:0
 |   |   |- Guid:AD87187D417DE205EE2FAB9C7083D394 BaseClass: NativeClass:/Script/Engine.StaticMeshActor Name:StaticMeshActor_UAID_6C02E046E71CA4F501_1649437743 Label:SM_Cube12 SpatiallyLoaded:1 Bounds:IsValid=true, Min=(X=1280.000 Y=100.000 Z=0.000), Max=(X=1780.000 Y=1300.000 Z=220.000) RuntimeGrid:None EditorOnly:0 RuntimeOnly:0 HLODRelevant:1 FolderPath:Block01 FolderGuid:5710F1034B6DC7FBD588718E283EB93C
 |   |   |- Guid:C1E3A79F41A689292A7B2D856405CE96 BaseClass: NativeClass:/Script/Engine.StaticMeshActor Name:StaticMeshActor_UAID_6C02E046E71CA4F501_1649440744 Label:SM_Ramp4 SpatiallyLoaded:1 Bounds:IsValid=true, Min=(X=1280.000 Y=1300.000 Z=0.000), Max=(X=1780.000 Y=1850.000 Z=220.000) RuntimeGrid:None EditorOnly:0 RuntimeOnly:0 HLODRelevant:1 FolderPath:Block01 FolderGuid:5710F1034B6DC7FBD588718E283EB93C
 |   |   |- Guid:C8790F92416AC39EDC03DBB728F5DEFF BaseClass:/Game/CONTINGUT_PROTOTIP/Blueprints/EnemySpawner.EnemySpawner_C NativeClass:/Script/Engine.Actor Name:EnemySpawner_C_UAID_88D7F67DE89829F601_1356298157 Label:EnemySpawner3 SpatiallyLoaded:1 Bounds:IsValid=true, Min=(X=2010.000 Y=3030.000 Z=750.000), Max=(X=2210.000 Y=3230.000 Z=950.000) RuntimeGrid:None EditorOnly:0 RuntimeOnly:0 HLODRelevant:0
 |   |   |- Guid:E2F28E1B462B7FC5E99F8FAD7460E1F2 BaseClass:/Game/CONTINGUT_PROTOTIP/Blueprints/EnemySpawner.EnemySpawner_C NativeClass:/Script/Engine.Actor Name:EnemySpawner_C_UAID_88D7F67DE89829F601_1356301158 Label:EnemySpawner4 SpatiallyLoaded:1 Bounds:IsValid=true, Min=(X=680.000 Y=3030.000 Z=750.000), Max=(X=880.000 Y=3230.000 Z=950.000) RuntimeGrid:None EditorOnly:0 RuntimeOnly:0 HLODRelevant:0
 |   |   |- Guid:E56BBB2C4D48AD63BC81AFAD1607FD83 BaseClass: NativeClass:/Script/Engine.DirectionalLight Name:DirectionalLight_1 Label:DirectionalLight SpatiallyLoaded:0 Bounds:IsValid=true, Min=(X=-4398046511104.000 Y=-4398046511104.000 Z=-4398046511104.000), Max=(X=4398046511104.000 Y=4398046511104.000 Z=4398046511104.000) RuntimeGrid:None EditorOnly:0 RuntimeOnly:0 HLODRelevant:0 FolderPath:Lighting FolderGuid:0BA5F0A04EADB18E70D5B180D08FA34B
 |   |   |- Guid:E5EB02E241C0BF67567EA59A19F6C13B BaseClass: NativeClass:/Script/Engine.StaticMeshActor Name:StaticMeshActor_UAID_6C02E046E71CA4F501_2036012747 Label:SM_Cube15 SpatiallyLoaded:1 Bounds:IsValid=true, Min=(X=960.000 Y=3000.000 Z=0.000), Max=(X=2050.000 Y=3400.000 Z=425.000) RuntimeGrid:None EditorOnly:0 RuntimeOnly:0 HLODRelevant:1 FolderPath:Block01 FolderGuid:5710F1034B6DC7FBD588718E283EB93C
 |   |   |- Guid:ECCE7B2247F664CFB18250A61981631B BaseClass: NativeClass:/Script/Engine.StaticMeshActor Name:StaticMeshActor_10 Label:SM_Cube6 SpatiallyLoaded:1 Bounds:IsValid=true, Min=(X=2450.000 Y=100.000 Z=0.000), Max=(X=2550.000 Y=3400.000 Z=825.000) RuntimeGrid:None EditorOnly:0 RuntimeOnly:0 HLODRelevant:1 FolderPath:Playground FolderGuid:6C02BB504B69D1F3D7A624B130C18E5B
 |   |   |- Guid:F5ECA970499376392C6BED91101F7867 BaseClass: NativeClass:/Script/NavigationSystem.NavMeshBoundsVolume Name:NavMeshBoundsVolume_UAID_88D7F67DE89883F501_1764554935 Label:NavMeshBoundsVolume SpatiallyLoaded:0 Bounds:IsValid=true, Min=(X=-255.000 Y=5.000 Z=-100.000), Max=(X=3395.000 Y=3655.000 Z=700.000) RuntimeGrid:None EditorOnly:0 RuntimeOnly:0 HLODRelevant:0
 |   |   |- Guid:FA146E4749ADDBCE567092B0946AD131 BaseClass: NativeClass:/Script/Engine.StaticMeshActor Name:StaticMeshActor_9 Label:SM_Cube5 SpatiallyLoaded:1 Bounds:IsValid=true, Min=(X=460.000 Y=100.000 Z=0.000), Max=(X=560.000 Y=3400.000 Z=825.000) RuntimeGrid:None EditorOnly:0 RuntimeOnly:0 HLODRelevant:1 FolderPath:Playground FolderGuid:6C02BB504B69D1F3D7A624B130C18E5B
 |   |   |- Guid:FC0D408E421DE12312E395BFB715AF3D BaseClass: NativeClass:/Script/Engine.StaticMeshActor Name:StaticMeshActor_0 Label:SM_Cube SpatiallyLoaded:1 Bounds:IsValid=true, Min=(X=460.000 Y=0.000 Z=-50.000), Max=(X=2460.000 Y=3500.000 Z=0.000) RuntimeGrid:None EditorOnly:0 RuntimeOnly:0 HLODRelevant:1 FolderPath:Playground FolderGuid:6C02BB504B69D1F3D7A624B130C18E5B
 |   |- [+] Clusters:
 |   |   |- [+] [  0]
 |   |   |   |- Guid:C1E3A79F41A689292A7B2D856405CE96 BaseClass: NativeClass:/Script/Engine.StaticMeshActor Name:StaticMeshActor_UAID_6C02E046E71CA4F501_1649440744 Label:SM_Ramp4 SpatiallyLoaded:1 Bounds:IsValid=true, Min=(X=1280.000 Y=1300.000 Z=0.000), Max=(X=1780.000 Y=1850.000 Z=220.000) RuntimeGrid:None EditorOnly:0 RuntimeOnly:0 HLODRelevant:1 FolderPath:Block01 FolderGuid:5710F1034B6DC7FBD588718E283EB93C
 |   |   |- [+] [  1]
 |   |   |   |- Guid:F5ECA970499376392C6BED91101F7867 BaseClass: NativeClass:/Script/NavigationSystem.NavMeshBoundsVolume Name:NavMeshBoundsVolume_UAID_88D7F67DE89883F501_1764554935 Label:NavMeshBoundsVolume SpatiallyLoaded:0 Bounds:IsValid=true, Min=(X=-255.000 Y=5.000 Z=-100.000), Max=(X=3395.000 Y=3655.000 Z=700.000) RuntimeGrid:None EditorOnly:0 RuntimeOnly:0 HLODRelevant:0
 |   |   |- [+] [  2]
 |   |   |   |- Guid:8EECEF794A5556654B2ACE8C716EDA98 BaseClass: NativeClass:/Script/Engine.PlayerStart Name:PlayerStart_0 Label:PlayerStart SpatiallyLoaded:0 Bounds:IsValid=true, Min=(X=1490.000 Y=530.000 Z=220.013), Max=(X=1570.000 Y=610.000 Z=404.013) RuntimeGrid:None EditorOnly:0 RuntimeOnly:0 HLODRelevant:0
 |   |   |- [+] [  3]
 |   |   |   |- Guid:83503BFA41E6CFB16EE16AA1B65C032C BaseClass: NativeClass:/Script/NavigationSystem.RecastNavMesh Name:RecastNavMesh_UAID_88D7F67DE89883F501-Default Label:RecastNavMesh-Default SpatiallyLoaded:0 Bounds:IsValid=true, Min=(X=0.000 Y=0.000 Z=0.000), Max=(X=0.000 Y=0.000 Z=0.000) RuntimeGrid:None EditorOnly:0 RuntimeOnly:0 HLODRelevant:0
 |   |   |- [+] [  4]
 |   |   |   |- Guid:FA146E4749ADDBCE567092B0946AD131 BaseClass: NativeClass:/Script/Engine.StaticMeshActor Name:StaticMeshActor_9 Label:SM_Cube5 SpatiallyLoaded:1 Bounds:IsValid=true, Min=(X=460.000 Y=100.000 Z=0.000), Max=(X=560.000 Y=3400.000 Z=825.000) RuntimeGrid:None EditorOnly:0 RuntimeOnly:0 HLODRelevant:1 FolderPath:Playground FolderGuid:6C02BB504B69D1F3D7A624B130C18E5B
 |   |   |- [+] [  5]
 |   |   |   |- Guid:AD87187D417DE205EE2FAB9C7083D394 BaseClass: NativeClass:/Script/Engine.StaticMeshActor Name:StaticMeshActor_UAID_6C02E046E71CA4F501_1649437743 Label:SM_Cube12 SpatiallyLoaded:1 Bounds:IsValid=true, Min=(X=1280.000 Y=100.000 Z=0.000), Max=(X=1780.000 Y=1300.000 Z=220.000) RuntimeGrid:None EditorOnly:0 RuntimeOnly:0 HLODRelevant:1 FolderPath:Block01 FolderGuid:5710F1034B6DC7FBD588718E283EB93C
 |   |   |- [+] [  6]
 |   |   |   |- Guid:471F68C746F78ABFB429C5BAF4F050A2 BaseClass: NativeClass:/Script/Engine.StaticMeshActor Name:StaticMeshActor_4 Label:SM_Cube3 SpatiallyLoaded:1 Bounds:IsValid=true, Min=(X=460.000 Y=3400.000 Z=0.000), Max=(X=2550.000 Y=3500.000 Z=825.000) RuntimeGrid:None EditorOnly:0 RuntimeOnly:0 HLODRelevant:1 FolderPath:Playground FolderGuid:6C02BB504B69D1F3D7A624B130C18E5B
 |   |   |- [+] [  7]
 |   |   |   |- Guid:9D2DDEC84E4F76207FE9159054DD968B BaseClass: NativeClass:/Script/Engine.StaticMeshActor Name:StaticMeshActor_3 Label:SM_Cube2 SpatiallyLoaded:1 Bounds:IsValid=true, Min=(X=460.000 Y=0.000 Z=0.000), Max=(X=2550.000 Y=100.000 Z=825.000) RuntimeGrid:None EditorOnly:0 RuntimeOnly:0 HLODRelevant:1 FolderPath:Playground FolderGuid:6C02BB504B69D1F3D7A624B130C18E5B
 |   |   |- [+] [  8]
 |   |   |   |- Guid:9399341C4B69EFF5A9CFD697B620BC8F BaseClass: NativeClass:/Script/Engine.SkyAtmosphere Name:SkyAtmosphere_0 Label:SkyAtmosphere SpatiallyLoaded:0 Bounds:IsValid=true, Min=(X=0.000 Y=0.000 Z=1020.000), Max=(X=0.000 Y=0.000 Z=1020.000) RuntimeGrid:None EditorOnly:0 RuntimeOnly:0 HLODRelevant:0 FolderPath:Lighting FolderGuid:0BA5F0A04EADB18E70D5B180D08FA34B
 |   |   |- [+] [  9]
 |   |   |   |- Guid:341DFFA347F59268295DE38906B584B0 BaseClass: NativeClass:/Script/Engine.StaticMeshActor Name:StaticMeshActor_UAID_A4AE111137DC5EFB00_2001720423 Label:SM_SkySphere SpatiallyLoaded:0 Bounds:IsValid=true, Min=(X=-1603584.000 Y=-1638400.000 Z=-1638400.000), Max=(X=1603584.000 Y=1638400.000 Z=1638400.000) RuntimeGrid:None EditorOnly:0 RuntimeOnly:0 HLODRelevant:1 FolderPath:Lighting FolderGuid:0BA5F0A04EADB18E70D5B180D08FA34B
 |   |   |- [+] [ 10]
 |   |   |   |- Guid:276E010545A4C247902999B0D5734809 BaseClass: NativeClass:/Script/Engine.StaticMeshActor Name:StaticMeshActor_UAID_6C02E046E71CA4F501_1987692745 Label:SM_Cube13 SpatiallyLoaded:1 Bounds:IsValid=true, Min=(X=560.000 Y=2350.000 Z=0.000), Max=(X=960.000 Y=3400.000 Z=425.000) RuntimeGrid:None EditorOnly:0 RuntimeOnly:0 HLODRelevant:1 FolderPath:Block01 FolderGuid:5710F1034B6DC7FBD588718E283EB93C
 |   |   |- [+] [ 11]
 |   |   |   |- Guid:A89E05754D6ACA8952C250A87C01049A BaseClass: NativeClass:/Script/Engine.TextRenderActor Name:TextRenderActor_1 Label:TextRenderActor SpatiallyLoaded:1 Bounds:IsValid=true, Min=(X=-0.100 Y=1100.000 Z=65.013), Max=(X=-0.100 Y=2363.461 Z=215.013) RuntimeGrid:None EditorOnly:0 RuntimeOnly:0 HLODRelevant:0
 |   |   |- [+] [ 12]
 |   |   |   |- Guid:ECCE7B2247F664CFB18250A61981631B BaseClass: NativeClass:/Script/Engine.StaticMeshActor Name:StaticMeshActor_10 Label:SM_Cube6 SpatiallyLoaded:1 Bounds:IsValid=true, Min=(X=2450.000 Y=100.000 Z=0.000), Max=(X=2550.000 Y=3400.000 Z=825.000) RuntimeGrid:None EditorOnly:0 RuntimeOnly:0 HLODRelevant:1 FolderPath:Playground FolderGuid:6C02BB504B69D1F3D7A624B130C18E5B
 |   |   |- [+] [ 13]
 |   |   |   |- Guid:53CD2A124DE55202763EF48241597D64 BaseClass: NativeClass:/Script/Engine.SkyLight Name:SkyLight_0 Label:SkyLight SpatiallyLoaded:0 Bounds:IsValid=true, Min=(X=0.000 Y=0.000 Z=690.000), Max=(X=0.000 Y=0.000 Z=690.000) RuntimeGrid:None EditorOnly:0 RuntimeOnly:0 HLODRelevant:0 FolderPath:Lighting FolderGuid:0BA5F0A04EADB18E70D5B180D08FA34B
 |   |   |- [+] [ 14]
 |   |   |   |- Guid:E56BBB2C4D48AD63BC81AFAD1607FD83 BaseClass: NativeClass:/Script/Engine.DirectionalLight Name:DirectionalLight_1 Label:DirectionalLight SpatiallyLoaded:0 Bounds:IsValid=true, Min=(X=-4398046511104.000 Y=-4398046511104.000 Z=-4398046511104.000), Max=(X=4398046511104.000 Y=4398046511104.000 Z=4398046511104.000) RuntimeGrid:None EditorOnly:0 RuntimeOnly:0 HLODRelevant:0 FolderPath:Lighting FolderGuid:0BA5F0A04EADB18E70D5B180D08FA34B
 |   |   |- [+] [ 15]
 |   |   |   |- Guid:0E5A52D5435B464670E52E93C8C339DD BaseClass: NativeClass:/Script/Engine.VolumetricCloud Name:VolumetricCloud_0 Label:VolumetricCloud SpatiallyLoaded:0 Bounds:IsValid=true, Min=(X=0.000 Y=0.000 Z=820.000), Max=(X=0.000 Y=0.000 Z=820.000) RuntimeGrid:None EditorOnly:0 RuntimeOnly:0 HLODRelevant:0 FolderPath:Lighting FolderGuid:0BA5F0A04EADB18E70D5B180D08FA34B
 |   |   |- [+] [ 16]
 |   |   |   |- Guid:9DA6F16C4379DC2ECA88E1A1FCF8988E BaseClass: NativeClass:/Script/Engine.PostProcessVolume Name:PostProcessVolume_0 Label:PostProcessVolume SpatiallyLoaded:0 Bounds:IsValid=true, Min=(X=0.000 Y=0.000 Z=400.000), Max=(X=200.000 Y=200.000 Z=600.000) RuntimeGrid:None EditorOnly:0 RuntimeOnly:0 HLODRelevant:0 FolderPath:Lighting FolderGuid:0BA5F0A04EADB18E70D5B180D08FA34B
 |   |   |- [+] [ 17]
 |   |   |   |- Guid:86FAFD484E8289043D3CAA86C5D34CED BaseClass: NativeClass:/Script/Engine.WorldDataLayers Name:WorldDataLayers Label:WorldDataLayers SpatiallyLoaded:0 Bounds:IsValid=true, Min=(X=0.000 Y=0.000 Z=0.000), Max=(X=0.000 Y=0.000 Z=0.000) RuntimeGrid:None EditorOnly:0 RuntimeOnly:0 HLODRelevant:0
 |   |   |- [+] [ 18]
 |   |   |   |- Guid:8CA311E840D9C9D79FD357A44A2E1C50 BaseClass: NativeClass:/Script/Engine.ExponentialHeightFog Name:ExponentialHeightFog_0 Label:ExponentialHeightFog SpatiallyLoaded:0 Bounds:IsValid=true, Min=(X=-5600.000 Y=-50.000 Z=-6850.000), Max=(X=-5600.000 Y=-50.000 Z=-6850.000) RuntimeGrid:None EditorOnly:0 RuntimeOnly:0 HLODRelevant:0 FolderPath:Lighting FolderGuid:0BA5F0A04EADB18E70D5B180D08FA34B
 |   |   |- [+] [ 19]
 |   |   |   |- Guid:E5EB02E241C0BF67567EA59A19F6C13B BaseClass: NativeClass:/Script/Engine.StaticMeshActor Name:StaticMeshActor_UAID_6C02E046E71CA4F501_2036012747 Label:SM_Cube15 SpatiallyLoaded:1 Bounds:IsValid=true, Min=(X=960.000 Y=3000.000 Z=0.000), Max=(X=2050.000 Y=3400.000 Z=425.000) RuntimeGrid:None EditorOnly:0 RuntimeOnly:0 HLODRelevant:1 FolderPath:Block01 FolderGuid:5710F1034B6DC7FBD588718E283EB93C
 |   |   |- [+] [ 20]
 |   |   |   |- Guid:078193864475AD6CB59B99B453E6F181 BaseClass:/Game/FirstPerson/Blueprints/BP_Pickup_Rifle.BP_Pickup_Rifle_C NativeClass:/Script/Engine.Actor Name:BP_Rifle_C_1 Label:BP_Pickup_Rifle SpatiallyLoaded:1 Bounds:IsValid=true, Min=(X=738.000 Y=818.000 Z=64.000), Max=(X=802.000 Y=907.440 Z=128.000) RuntimeGrid:None EditorOnly:0 RuntimeOnly:0 HLODRelevant:0
 |   |   |- [+] [ 21]
 |   |   |   |- Guid:2C09227B477F6EF73A694E922700CA27 BaseClass: NativeClass:/Script/Engine.StaticMeshActor Name:StaticMeshActor_UAID_6C02E046E71CA4F501_2021603746 Label:SM_Cube14 SpatiallyLoaded:1 Bounds:IsValid=true, Min=(X=2050.000 Y=2350.000 Z=0.000), Max=(X=2450.000 Y=3400.000 Z=425.000) RuntimeGrid:None EditorOnly:0 RuntimeOnly:0 HLODRelevant:1 FolderPath:Block01 FolderGuid:5710F1034B6DC7FBD588718E283EB93C
 |   |   |- [+] [ 22]
 |   |   |   |- Guid:FC0D408E421DE12312E395BFB715AF3D BaseClass: NativeClass:/Script/Engine.StaticMeshActor Name:StaticMeshActor_0 Label:SM_Cube SpatiallyLoaded:1 Bounds:IsValid=true, Min=(X=460.000 Y=0.000 Z=-50.000), Max=(X=2460.000 Y=3500.000 Z=0.000) RuntimeGrid:None EditorOnly:0 RuntimeOnly:0 HLODRelevant:1 FolderPath:Playground FolderGuid:6C02BB504B69D1F3D7A624B130C18E5B
 |   |   |- [+] [ 23]
 |   |   |   |- Guid:5065523F4FA049A30E98BCACF8A7D323 BaseClass:/Game/CONTINGUT_PROTOTIP/Blueprints/EndLevel.EndLevel_C NativeClass:/Script/Engine.Actor Name:EndLevel_C_UAID_88D7F67DE89829F601_1316120154 Label:EndLevel SpatiallyLoaded:1 Bounds:IsValid=true, Min=(X=1340.768 Y=4.448 Z=154.657), Max=(X=1702.170 Y=446.215 Z=707.328) RuntimeGrid:None EditorOnly:0 RuntimeOnly:0 HLODRelevant:0
 |   |   |- [+] [ 24]
 |   |   |   |- Guid:ABA1263E458082CC441578B98402A0DB BaseClass:/Game/CONTINGUT_PROTOTIP/Blueprints/EnemySpawner.EnemySpawner_C NativeClass:/Script/Engine.Actor Name:EnemySpawner_C_UAID_88D7F67DE89829F601_1338447155 Label:EnemySpawner SpatiallyLoaded:1 Bounds:IsValid=true, Min=(X=2120.000 Y=360.000 Z=410.000), Max=(X=2320.000 Y=560.000 Z=610.000) RuntimeGrid:None EditorOnly:0 RuntimeOnly:0 HLODRelevant:0
 |   |   |- [+] [ 25]
 |   |   |   |- Guid:7078DF954EF53BE3AC927E9DDC3C9F15 BaseClass:/Game/CONTINGUT_PROTOTIP/Blueprints/EnemySpawner.EnemySpawner_C NativeClass:/Script/Engine.Actor Name:EnemySpawner_C_UAID_88D7F67DE89829F601_1342558156 Label:EnemySpawner2 SpatiallyLoaded:1 Bounds:IsValid=true, Min=(X=790.000 Y=360.000 Z=410.000), Max=(X=990.000 Y=560.000 Z=610.000) RuntimeGrid:None EditorOnly:0 RuntimeOnly:0 HLODRelevant:0
 |   |   |- [+] [ 26]
 |   |   |   |- Guid:C8790F92416AC39EDC03DBB728F5DEFF BaseClass:/Game/CONTINGUT_PROTOTIP/Blueprints/EnemySpawner.EnemySpawner_C NativeClass:/Script/Engine.Actor Name:EnemySpawner_C_UAID_88D7F67DE89829F601_1356298157 Label:EnemySpawner3 SpatiallyLoaded:1 Bounds:IsValid=true, Min=(X=2010.000 Y=3030.000 Z=750.000), Max=(X=2210.000 Y=3230.000 Z=950.000) RuntimeGrid:None EditorOnly:0 RuntimeOnly:0 HLODRelevant:0
 |   |   |- [+] [ 27]
 |   |   |   |- Guid:E2F28E1B462B7FC5E99F8FAD7460E1F2 BaseClass:/Game/CONTINGUT_PROTOTIP/Blueprints/EnemySpawner.EnemySpawner_C NativeClass:/Script/Engine.Actor Name:EnemySpawner_C_UAID_88D7F67DE89829F601_1356301158 Label:EnemySpawner4 SpatiallyLoaded:1 Bounds:IsValid=true, Min=(X=680.000 Y=3030.000 Z=750.000), Max=(X=880.000 Y=3230.000 Z=950.000) RuntimeGrid:None EditorOnly:0 RuntimeOnly:0 HLODRelevant:0
 |   |   |- [+] [ 28]
 |   |   |   |- Guid:02BD4FA94A48B07466328F8512F92280 BaseClass:/Game/CONTINGUT_PROTOTIP/Blueprints/EnemySpawner.EnemySpawner_C NativeClass:/Script/Engine.Actor Name:EnemySpawner_C_UAID_88D7F67DE89829F601_1382452159 Label:EnemySpawner5 SpatiallyLoaded:1 Bounds:IsValid=true, Min=(X=1350.000 Y=3030.000 Z=750.000), Max=(X=1550.000 Y=3230.000 Z=950.000) RuntimeGrid:None EditorOnly:0 RuntimeOnly:0 HLODRelevant:0
 |- ContainerInstances:
 |- [+] MainContainer:
 |   |-        ID: 0x0000000000000000
 |   |-    Bounds: IsValid=false, Min=(X=0.000 Y=0.000 Z=0.000), Max=(X=0.000 Y=0.000 Z=0.000)
 |   |- Transform: 0.000000,0.000000,0.000000|0.000000,0.000000,-0.000000|1.000000,1.000000,1.000000
 |   |- Container: /Game/CONTINGUT_PROTOTIP/Nivells/Room_3
----------------------------------------------------------------------------------------------------------------
Room_3 - Persistent Level
----------------------------------------------------------------------------------------------------------------
Always loaded Actor Count: 36 

----------------------------------------------------------------------------------------------------------------
Room_3 - Runtime Spatial Hash - Streaming Grid - MainGrid
----------------------------------------------------------------------------------------------------------------
            Origin: X=0.000 Y=0.000 Z=0.000
         Cell Size: 12800
      World Bounds: IsValid=false, Min=(X=0.000 Y=0.000 Z=0.000), Max=(X=0.000 Y=0.000 Z=0.000)
     Loading Range: 25600.00
Block Slow Loading: No
 ClientOnlyVisible: No

[+] Grid Levels: 1
 |- Level  0: Cell Count    0 | Cell Size   12800 | Actor Count    0 (0.0%)

[+] Content of Grid Level 0

